#
# A fatal error has been detected by the Java Runtime Environment:
#
#  EXCEPTION_ACCESS_VIOLATION (0xc0000005) at pc=0x00007fffe0cbc75d, pid=20536, tid=23412
#
# JRE version: OpenJDK Runtime Environment (22.0.1+8) (build 22.0.1+8-16)
# Java VM: OpenJDK 64-Bit Server VM (22.0.1+8-16, mixed mode, sharing, tiered, compressed oops, compressed class ptrs, g1 gc, windows-amd64)
# Problematic frame:
# C  [lwjgl_opengl.dll+0xc75d]
#
# No core dump will be written. Minidumps are not enabled by default on client versions of Windows
#
# If you would like to submit a bug report, please visit:
#   https://bugreport.java.com/bugreport/crash.jsp
# The crash happened outside the Java Virtual Machine in native code.
# See problematic frame for where to report the bug.
#

---------------  S U M M A R Y ------------

Command Line: -javaagent:C:\Program Files\JetBrains\IntelliJ IDEA Community Edition 2024.1.2\lib\idea_rt.jar=58139:C:\Program Files\JetBrains\IntelliJ IDEA Community Edition 2024.1.2\bin -Dfile.encoding=UTF-8 -Dsun.stdout.encoding=UTF-8 -Dsun.stderr.encoding=UTF-8 org.katia.Main

Host: 12th Gen Intel(R) Core(TM) i7-12700H, 20 cores, 15G,  Windows 11 , 64 bit Build 22621 (10.0.22621.4391)
Time: Thu Jan  9 17:46:16 2025 Central Europe Standard Time elapsed time: 0.422506 seconds (0d 0h 0m 0s)

---------------  T H R E A D  ---------------

Current thread (0x0000027955957220):  JavaThread "main"             [_thread_in_native, id=23412, stack(0x00000082ddb00000,0x00000082ddc00000) (1024K)]

Stack: [0x00000082ddb00000,0x00000082ddc00000],  sp=0x00000082ddbfeed8,  free space=1019k
Native frames: (J=compiled Java code, j=interpreted, Vv=VM code, C=native code)
C  [lwjgl_opengl.dll+0xc75d]  (no source info available)

Java frames: (J=compiled Java code, j=interpreted, Vv=VM code)
j  org.lwjgl.opengl.GL11C.nglGenTextures(IJ)V+0
j  org.lwjgl.opengl.GL11C.glGenTextures()I+20
j  org.lwjgl.opengl.GL11.glGenTextures()I+0
j  org.katia.factory.TextureFactory.createTexture(Ljava/lang/String;)Lorg/katia/gfx/Texture;+169
j  org.katia.core.components.SpriteComponent.setTexture(Ljava/lang/String;)V+7
j  org.katia.Main.main([Ljava/lang/String;)V+45
v  ~StubRoutines::call_stub 0x000002796755100d

siginfo: EXCEPTION_ACCESS_VIOLATION (0xc0000005), reading address 0x00000000000002d8


Registers:
RAX=0x00000279456b8740, RBX=0x00000279417f3240, RCX=0x0000000000000001, RDX=0x0000027945676d80
RSP=0x00000082ddbfeed8, RBP=0x00000082ddbfef68, RSI=0x00000279411cb7d0, RDI=0x0000000000000001
R8 =0x0000000000000001, R9 =0x0000027945676d80, R10=0x0000000000000000, R11=0x00000007139958a0
R12=0x0000000000000000, R13=0x00000279417f3240, R14=0x00000082ddbfef98, R15=0x0000027955957220
RIP=0x00007fffe0cbc75d, EFLAGS=0x0000000000010202


Register to memory mapping:

RAX=0x00000279456b8740 points into unknown readable memory: 0x0000000000000000 | 00 00 00 00 00 00 00 00
RBX={method} {0x00000279417f3248} 'nglGenTextures' '(IJ)V' in 'org/lwjgl/opengl/GL11C'
RCX=0x0000000000000001 is an unknown value
RDX=0x0000027945676d80 points into unknown readable memory: 0x0000000400000000 | 00 00 00 00 04 00 00 00
RSP=0x00000082ddbfeed8 is pointing into the stack for thread: 0x0000027955957220
RBP=0x00000082ddbfef68 is pointing into the stack for thread: 0x0000027955957220
RSI=0x00000279411cb7d0 is pointing into metadata
RDI=0x0000000000000001 is an unknown value
R8 =0x0000000000000001 is an unknown value
R9 =0x0000027945676d80 points into unknown readable memory: 0x0000000400000000 | 00 00 00 00 04 00 00 00
R10=0x0 is null
R11=0x00000007139958a0 is an oop: java.lang.Class 
{0x00000007139958a0} - klass: 'java/lang/Class'
 - ---- fields (total size 116 words):
 - private volatile transient 'classRedefinedCount' 'I' @12  0 (0x00000000)
 - injected 'klass' 'J' @16  2718731766864 (0x00000279010a8c50)
 - injected 'array_klass' 'J' @24  0 (0x0000000000000000)
 - injected 'oop_size' 'I' @32  116 (0x00000074)
 - injected 'static_oop_field_count' 'I' @36  0 (0x00000000)
 - private volatile transient 'cachedConstructor' 'Ljava/lang/reflect/Constructor;' @40  null (0x00000000)
 - private transient 'name' 'Ljava/lang/String;' @44  "org.lwjgl.opengl.GL11C"{0x0000000713995c40} (0xe2732b88)
 - private transient 'module' 'Ljava/lang/Module;' @48  a 'java/lang/Module'{0x0000000714c6a5b0} (0xe298d4b6)
 - private final 'classLoader' 'Ljava/lang/ClassLoader;' @52  a 'jdk/internal/loader/ClassLoaders$AppClassLoader'{0x0000000714c6a3f0} (0xe298d47e)
 - private transient 'classData' 'Ljava/lang/Object;' @56  null (0x00000000)
 - private transient 'packageName' 'Ljava/lang/String;' @60  "org.lwjgl.opengl"{0x00000007138f6d20} (0xe271eda4)
 - private final 'componentType' 'Ljava/lang/Class;' @64  null (0x00000000)
 - private volatile transient 'reflectionData' 'Ljava/lang/ref/SoftReference;' @68  null (0x00000000)
 - private volatile transient 'genericInfo' 'Lsun/reflect/generics/repository/ClassRepository;' @72  null (0x00000000)
 - private volatile transient 'enumConstants' '[Ljava/lang/Object;' @76  null (0x00000000)
 - private volatile transient 'enumConstantDirectory' 'Ljava/util/Map;' @80  null (0x00000000)
 - private volatile transient 'annotationData' 'Ljava/lang/Class$AnnotationData;' @84  null (0x00000000)
 - private volatile transient 'annotationType' 'Lsun/reflect/annotation/AnnotationType;' @88  null (0x00000000)
 - transient 'classValueMap' 'Ljava/lang/ClassValue$ClassValueMap;' @92  null (0x00000000)
 - injected 'protection_domain' 'Ljava/lang/Object;' @96  a 'java/security/ProtectionDomain'{0x00000007139366f8} (0xe2726cdf)
 - injected 'signers_name' 'Ljava/lang/Object;' @100  null (0x00000000)
 - injected 'source_file' 'Ljava/lang/Object;' @104  null (0x00000000)
 - signature: Lorg/lwjgl/opengl/GL11C;
 - ---- static fields (0):
 - public static final 'GL_NEVER' 'I' @112  512 (0x00000200)
 - public static final 'GL_LESS' 'I' @116  513 (0x00000201)
 - public static final 'GL_EQUAL' 'I' @120  514 (0x00000202)
 - public static final 'GL_LEQUAL' 'I' @124  515 (0x00000203)
 - public static final 'GL_GREATER' 'I' @128  516 (0x00000204)
 - public static final 'GL_NOTEQUAL' 'I' @132  517 (0x00000205)
 - public static final 'GL_GEQUAL' 'I' @136  518 (0x00000206)
 - public static final 'GL_ALWAYS' 'I' @140  519 (0x00000207)
 - public static final 'GL_DEPTH_BUFFER_BIT' 'I' @144  256 (0x00000100)
 - public static final 'GL_STENCIL_BUFFER_BIT' 'I' @148  1024 (0x00000400)
 - public static final 'GL_COLOR_BUFFER_BIT' 'I' @152  16384 (0x00004000)
 - public static final 'GL_POINTS' 'I' @156  0 (0x00000000)
 - public static final 'GL_LINES' 'I' @160  1 (0x00000001)
 - public static final 'GL_LINE_LOOP' 'I' @164  2 (0x00000002)
 - public static final 'GL_LINE_STRIP' 'I' @168  3 (0x00000003)
 - public static final 'GL_TRIANGLES' 'I' @172  4 (0x00000004)
 - public static final 'GL_TRIANGLE_STRIP' 'I' @176  5 (0x00000005)
 - public static final 'GL_TRIANGLE_FAN' 'I' @180  6 (0x00000006)
 - public static final 'GL_QUADS' 'I' @184  7 (0x00000007)
 - public static final 'GL_ZERO' 'I' @188  0 (0x00000000)
 - public static final 'GL_ONE' 'I' @192  1 (0x00000001)
 - public static final 'GL_SRC_COLOR' 'I' @196  768 (0x00000300)
 - public static final 'GL_ONE_MINUS_SRC_COLOR' 'I' @200  769 (0x00000301)
 - public static final 'GL_SRC_ALPHA' 'I' @204  770 (0x00000302)
 - public static final 'GL_ONE_MINUS_SRC_ALPHA' 'I' @208  771 (0x00000303)
 - public static final 'GL_DST_ALPHA' 'I' @212  772 (0x00000304)
 - public static final 'GL_ONE_MINUS_DST_ALPHA' 'I' @216  773 (0x00000305)
 - public static final 'GL_DST_COLOR' 'I' @220  774 (0x00000306)
 - public static final 'GL_ONE_MINUS_DST_COLOR' 'I' @224  775 (0x00000307)
 - public static final 'GL_SRC_ALPHA_SATURATE' 'I' @228  776 (0x00000308)
 - public static final 'GL_TRUE' 'I' @232  1 (0x00000001)
 - public static final 'GL_FALSE' 'I' @236  0 (0x00000000)
 - public static final 'GL_BYTE' 'I' @240  5120 (0x00001400)
 - public static final 'GL_UNSIGNED_BYTE' 'I' @244  5121 (0x00001401)
 - public static final 'GL_SHORT' 'I' @248  5122 (0x00001402)
 - public static final 'GL_UNSIGNED_SHORT' 'I' @252  5123 (0x00001403)
 - public static final 'GL_INT' 'I' @256  5124 (0x00001404)
 - public static final 'GL_UNSIGNED_INT' 'I' @260  5125 (0x00001405)
 - public static final 'GL_FLOAT' 'I' @264  5126 (0x00001406)
 - public static final 'GL_DOUBLE' 'I' @268  5130 (0x0000140a)
 - public static final 'GL_NONE' 'I' @272  0 (0x00000000)
 - public static final 'GL_FRONT_LEFT' 'I' @276  1024 (0x00000400)
 - public static final 'GL_FRONT_RIGHT' 'I' @280  1025 (0x00000401)
 - public static final 'GL_BACK_LEFT' 'I' @284  1026 (0x00000402)
 - public static final 'GL_BACK_RIGHT' 'I' @288  1027 (0x00000403)
 - public static final 'GL_FRONT' 'I' @292  1028 (0x00000404)
 - public static final 'GL_BACK' 'I' @296  1029 (0x00000405)
 - public static final 'GL_LEFT' 'I' @300  1030 (0x00000406)
 - public static final 'GL_RIGHT' 'I' @304  1031 (0x00000407)
 - public static final 'GL_FRONT_AND_BACK' 'I' @308  1032 (0x00000408)
 - public static final 'GL_NO_ERROR' 'I' @312  0 (0x00000000)
 - public static final 'GL_INVALID_ENUM' 'I' @316  1280 (0x00000500)
 - public static final 'GL_INVALID_VALUE' 'I' @320  1281 (0x00000501)
 - public static final 'GL_INVALID_OPERATION' 'I' @324  1282 (0x00000502)
 - public static final 'GL_STACK_OVERFLOW' 'I' @328  1283 (0x00000503)
 - public static final 'GL_STACK_UNDERFLOW' 'I' @332  1284 (0x00000504)
 - public static final 'GL_OUT_OF_MEMORY' 'I' @336  1285 (0x00000505)
 - public static final 'GL_CW' 'I' @340  2304 (0x00000900)
 - public static final 'GL_CCW' 'I' @344  2305 (0x00000901)
 - public static final 'GL_POINT_SIZE' 'I' @348  2833 (0x00000b11)
 - public static final 'GL_POINT_SIZE_RANGE' 'I' @352  2834 (0x00000b12)
 - public static final 'GL_POINT_SIZE_GRANULARITY' 'I' @356  2835 (0x00000b13)
 - public static final 'GL_LINE_SMOOTH' 'I' @360  2848 (0x00000b20)
 - public static final 'GL_LINE_WIDTH' 'I' @364  2849 (0x00000b21)
 - public static final 'GL_LINE_WIDTH_RANGE' 'I' @368  2850 (0x00000b22)
 - public static final 'GL_LINE_WIDTH_GRANULARITY' 'I' @372  2851 (0x00000b23)
 - public static final 'GL_POLYGON_MODE' 'I' @376  2880 (0x00000b40)
 - public static final 'GL_POLYGON_SMOOTH' 'I' @380  2881 (0x00000b41)
 - public static final 'GL_CULL_FACE' 'I' @384  2884 (0x00000b44)
 - public static final 'GL_CULL_FACE_MODE' 'I' @388  2885 (0x00000b45)
 - public static final 'GL_FRONT_FACE' 'I' @392  2886 (0x00000b46)
 - public static final 'GL_DEPTH_RANGE' 'I' @396  2928 (0x00000b70)
 - public static final 'GL_DEPTH_TEST' 'I' @400  2929 (0x00000b71)
 - public static final 'GL_DEPTH_WRITEMASK' 'I' @404  2930 (0x00000b72)
 - public static final 'GL_DEPTH_CLEAR_VALUE' 'I' @408  2931 (0x00000b73)
 - public static final 'GL_DEPTH_FUNC' 'I' @412  2932 (0x00000b74)
 - public static final 'GL_STENCIL_TEST' 'I' @416  2960 (0x00000b90)
 - public static final 'GL_STENCIL_CLEAR_VALUE' 'I' @420  2961 (0x00000b91)
 - public static final 'GL_STENCIL_FUNC' 'I' @424  2962 (0x00000b92)
 - public static final 'GL_STENCIL_VALUE_MASK' 'I' @428  2963 (0x00000b93)
 - public static final 'GL_STENCIL_FAIL' 'I' @432  2964 (0x00000b94)
 - public static final 'GL_STENCIL_PASS_DEPTH_FAIL' 'I' @436  2965 (0x00000b95)
 - public static final 'GL_STENCIL_PASS_DEPTH_PASS' 'I' @440  2966 (0x00000b96)
 - public static final 'GL_STENCIL_REF' 'I' @444  2967 (0x00000b97)
 - public static final 'GL_STENCIL_WRITEMASK' 'I' @448  2968 (0x00000b98)
 - public static final 'GL_VIEWPORT' 'I' @452  2978 (0x00000ba2)
 - public static final 'GL_DITHER' 'I' @456  3024 (0x00000bd0)
 - public static final 'GL_BLEND_DST' 'I' @460  3040 (0x00000be0)
 - public static final 'GL_BLEND_SRC' 'I' @464  3041 (0x00000be1)
 - public static final 'GL_BLEND' 'I' @468  3042 (0x00000be2)
 - public static final 'GL_LOGIC_OP_MODE' 'I' @472  3056 (0x00000bf0)
 - public static final 'GL_COLOR_LOGIC_OP' 'I' @476  3058 (0x00000bf2)
 - public static final 'GL_DRAW_BUFFER' 'I' @480  3073 (0x00000c01)
 - public static final 'GL_READ_BUFFER' 'I' @484  3074 (0x00000c02)
 - public static final 'GL_SCISSOR_BOX' 'I' @488  3088 (0x00000c10)
 - public static final 'GL_SCISSOR_TEST' 'I' @492  3089 (0x00000c11)
 - public static final 'GL_COLOR_CLEAR_VALUE' 'I' @496  3106 (0x00000c22)
 - public static final 'GL_COLOR_WRITEMASK' 'I' @500  3107 (0x00000c23)
 - public static final 'GL_DOUBLEBUFFER' 'I' @504  3122 (0x00000c32)
 - public static final 'GL_STEREO' 'I' @508  3123 (0x00000c33)
 - public static final 'GL_LINE_SMOOTH_HINT' 'I' @512  3154 (0x00000c52)
 - public static final 'GL_POLYGON_SMOOTH_HINT' 'I' @516  3155 (0x00000c53)
 - public static final 'GL_UNPACK_SWAP_BYTES' 'I' @520  3312 (0x00000cf0)
 - public static final 'GL_UNPACK_LSB_FIRST' 'I' @524  3313 (0x00000cf1)
 - public static final 'GL_UNPACK_ROW_LENGTH' 'I' @528  3314 (0x00000cf2)
 - public static final 'GL_UNPACK_SKIP_ROWS' 'I' @532  3315 (0x00000cf3)
 - public static final 'GL_UNPACK_SKIP_PIXELS' 'I' @536  3316 (0x00000cf4)
 - public static final 'GL_UNPACK_ALIGNMENT' 'I' @540  3317 (0x00000cf5)
 - public static final 'GL_PACK_SWAP_BYTES' 'I' @544  3328 (0x00000d00)
 - public static final 'GL_PACK_LSB_FIRST' 'I' @548  3329 (0x00000d01)
 - public static final 'GL_PACK_ROW_LENGTH' 'I' @552  3330 (0x00000d02)
 - public static final 'GL_PACK_SKIP_ROWS' 'I' @556  3331 (0x00000d03)
 - public static final 'GL_PACK_SKIP_PIXELS' 'I' @560  3332 (0x00000d04)
 - public static final 'GL_PACK_ALIGNMENT' 'I' @564  3333 (0x00000d05)
 - public static final 'GL_MAX_TEXTURE_SIZE' 'I' @568  3379 (0x00000d33)
 - public static final 'GL_MAX_VIEWPORT_DIMS' 'I' @572  3386 (0x00000d3a)
 - public static final 'GL_SUBPIXEL_BITS' 'I' @576  3408 (0x00000d50)
 - public static final 'GL_TEXTURE_1D' 'I' @580  3552 (0x00000de0)
 - public static final 'GL_TEXTURE_2D' 'I' @584  3553 (0x00000de1)
 - public static final 'GL_TEXTURE_WIDTH' 'I' @588  4096 (0x00001000)
 - public static final 'GL_TEXTURE_HEIGHT' 'I' @592  4097 (0x00001001)
 - public static final 'GL_TEXTURE_INTERNAL_FORMAT' 'I' @596  4099 (0x00001003)
 - public static final 'GL_TEXTURE_BORDER_COLOR' 'I' @600  4100 (0x00001004)
 - public static final 'GL_DONT_CARE' 'I' @604  4352 (0x00001100)
 - public static final 'GL_FASTEST' 'I' @608  4353 (0x00001101)
 - public static final 'GL_NICEST' 'I' @612  4354 (0x00001102)
 - public static final 'GL_CLEAR' 'I' @616  5376 (0x00001500)
 - public static final 'GL_AND' 'I' @620  5377 (0x00001501)
 - public static final 'GL_AND_REVERSE' 'I' @624  5378 (0x00001502)
 - public static final 'GL_COPY' 'I' @628  5379 (0x00001503)
 - public static final 'GL_AND_INVERTED' 'I' @632  5380 (0x00001504)
 - public static final 'GL_NOOP' 'I' @636  5381 (0x00001505)
 - public static final 'GL_XOR' 'I' @640  5382 (0x00001506)
 - public static final 'GL_OR' 'I' @644  5383 (0x00001507)
 - public static final 'GL_NOR' 'I' @648  5384 (0x00001508)
 - public static final 'GL_EQUIV' 'I' @652  5385 (0x00001509)
 - public static final 'GL_INVERT' 'I' @656  5386 (0x0000150a)
 - public static final 'GL_OR_REVERSE' 'I' @660  5387 (0x0000150b)
 - public static final 'GL_COPY_INVERTED' 'I' @664  5388 (0x0000150c)
 - public static final 'GL_OR_INVERTED' 'I' @668  5389 (0x0000150d)
 - public static final 'GL_NAND' 'I' @672  5390 (0x0000150e)
 - public static final 'GL_SET' 'I' @676  5391 (0x0000150f)
 - public static final 'GL_TEXTURE' 'I' @680  5890 (0x00001702)
 - public static final 'GL_COLOR' 'I' @684  6144 (0x00001800)
 - public static final 'GL_DEPTH' 'I' @688  6145 (0x00001801)
 - public static final 'GL_STENCIL' 'I' @692  6146 (0x00001802)
 - public static final 'GL_STENCIL_INDEX' 'I' @696  6401 (0x00001901)
 - public static final 'GL_DEPTH_COMPONENT' 'I' @700  6402 (0x00001902)
 - public static final 'GL_RED' 'I' @704  6403 (0x00001903)
 - public static final 'GL_GREEN' 'I' @708  6404 (0x00001904)
 - public static final 'GL_BLUE' 'I' @712  6405 (0x00001905)
 - public static final 'GL_ALPHA' 'I' @716  6406 (0x00001906)
 - public static final 'GL_RGB' 'I' @720  6407 (0x00001907)
 - public static final 'GL_RGBA' 'I' @724  6408 (0x00001908)
 - public static final 'GL_POINT' 'I' @728  6912 (0x00001b00)
 - public static final 'GL_LINE' 'I' @732  6913 (0x00001b01)
 - public static final 'GL_FILL' 'I' @736  6914 (0x00001b02)
 - public static final 'GL_KEEP' 'I' @740  7680 (0x00001e00)
 - public static final 'GL_REPLACE' 'I' @744  7681 (0x00001e01)
 - public static final 'GL_INCR' 'I' @748  7682 (0x00001e02)
 - public static final 'GL_DECR' 'I' @752  7683 (0x00001e03)
 - public static final 'GL_VENDOR' 'I' @756  7936 (0x00001f00)
 - public static final 'GL_RENDERER' 'I' @760  7937 (0x00001f01)
 - public static final 'GL_VERSION' 'I' @764  7938 (0x00001f02)
 - public static final 'GL_EXTENSIONS' 'I' @768  7939 (0x00001f03)
 - public static final 'GL_NEAREST' 'I' @772  9728 (0x00002600)
 - public static final 'GL_LINEAR' 'I' @776  9729 (0x00002601)
 - public static final 'GL_NEAREST_MIPMAP_NEAREST' 'I' @780  9984 (0x00002700)
 - public static final 'GL_LINEAR_MIPMAP_NEAREST' 'I' @784  9985 (0x00002701)
 - public static final 'GL_NEAREST_MIPMAP_LINEAR' 'I' @788  9986 (0x00002702)
 - public static final 'GL_LINEAR_MIPMAP_LINEAR' 'I' @792  9987 (0x00002703)
 - public static final 'GL_TEXTURE_MAG_FILTER' 'I' @796  10240 (0x00002800)
 - public static final 'GL_TEXTURE_MIN_FILTER' 'I' @800  10241 (0x00002801)
 - public static final 'GL_TEXTURE_WRAP_S' 'I' @804  10242 (0x00002802)
 - public static final 'GL_TEXTURE_WRAP_T' 'I' @808  10243 (0x00002803)
 - public static final 'GL_REPEAT' 'I' @812  10497 (0x00002901)
 - public static final 'GL_POLYGON_OFFSET_FACTOR' 'I' @816  32824 (0x00008038)
 - public static final 'GL_POLYGON_OFFSET_UNITS' 'I' @820  10752 (0x00002a00)
 - public static final 'GL_POLYGON_OFFSET_POINT' 'I' @824  10753 (0x00002a01)
 - public static final 'GL_POLYGON_OFFSET_LINE' 'I' @828  10754 (0x00002a02)
 - public static final 'GL_POLYGON_OFFSET_FILL' 'I' @832  32823 (0x00008037)
 - public static final 'GL_R3_G3_B2' 'I' @836  10768 (0x00002a10)
 - public static final 'GL_RGB4' 'I' @840  32847 (0x0000804f)
 - public static final 'GL_RGB5' 'I' @844  32848 (0x00008050)
 - public static final 'GL_RGB8' 'I' @848  32849 (0x00008051)
 - public static final 'GL_RGB10' 'I' @852  32850 (0x00008052)
 - public static final 'GL_RGB12' 'I' @856  32851 (0x00008053)
 - public static final 'GL_RGB16' 'I' @860  32852 (0x00008054)
 - public static final 'GL_RGBA2' 'I' @864  32853 (0x00008055)
 - public static final 'GL_RGBA4' 'I' @868  32854 (0x00008056)
 - public static final 'GL_RGB5_A1' 'I' @872  32855 (0x00008057)
 - public static final 'GL_RGBA8' 'I' @876  32856 (0x00008058)
 - public static final 'GL_RGB10_A2' 'I' @880  32857 (0x00008059)
 - public static final 'GL_RGBA12' 'I' @884  32858 (0x0000805a)
 - public static final 'GL_RGBA16' 'I' @888  32859 (0x0000805b)
 - public static final 'GL_TEXTURE_RED_SIZE' 'I' @892  32860 (0x0000805c)
 - public static final 'GL_TEXTURE_GREEN_SIZE' 'I' @896  32861 (0x0000805d)
 - public static final 'GL_TEXTURE_BLUE_SIZE' 'I' @900  32862 (0x0000805e)
 - public static final 'GL_TEXTURE_ALPHA_SIZE' 'I' @904  32863 (0x0000805f)
 - public static final 'GL_PROXY_TEXTURE_1D' 'I' @908  32867 (0x00008063)
 - public static final 'GL_PROXY_TEXTURE_2D' 'I' @912  32868 (0x00008064)
 - public static final 'GL_TEXTURE_BINDING_1D' 'I' @916  32872 (0x00008068)
 - public static final 'GL_TEXTURE_BINDING_2D' 'I' @920  32873 (0x00008069)
 - public static final 'GL_VERTEX_ARRAY' 'I' @924  32884 (0x00008074)
R12=0x0 is null
R13={method} {0x00000279417f3248} 'nglGenTextures' '(IJ)V' in 'org/lwjgl/opengl/GL11C'
R14=0x00000082ddbfef98 is pointing into the stack for thread: 0x0000027955957220
R15=0x0000027955957220 is a thread

Top of Stack: (sp=0x00000082ddbfeed8)
0x00000082ddbfeed8:   000002796755cfc7 0000000000000001
0x00000082ddbfeee8:   000002796755cc9e 00000279417f3240
0x00000082ddbfeef8:   00000279411cb7d0 00000082ddbfef18
0x00000082ddbfef08:   00000082ddbfef80 00000279675589b6
0x00000082ddbfef18:   000002796755cc5b fffffffffffffff7
0x00000082ddbfef28:   00000279417f3240 0000000000000006
0x00000082ddbfef38:   0000027941800f90 0000000000000000
0x00000082ddbfef48:   00000007139958a0 00000279417f3240
0x00000082ddbfef58:   0000000000000000 00000082ddbfef88
0x00000082ddbfef68:   00000082ddbfefe8 00000279675588c0
0x00000082ddbfef78:   00000007139958a0 000002796755a517
0x00000082ddbfef88:   0000027945676d80 0000000000000000
0x00000082ddbfef98:   0000000000000001 fffffffffffffff7
0x00000082ddbfefa8:   00000279417f33c4 0000000000000006
0x00000082ddbfefb8:   0000027941800f90 0000000000000000
0x00000082ddbfefc8:   00000007139958a0 00000279417f3430
0x00000082ddbfefd8:   fffffffffffffff4 00000082ddbff020
0x00000082ddbfefe8:   00000082ddbff068 0000027967558a08
0x00000082ddbfeff8:   0000000000000000 0000000000000000
0x00000082ddbff008:   0000000713995cb8 000000000000fff4
0x00000082ddbff018:   0000000714707c08 fffffffffffffff7
0x00000082ddbff028:   00000279417c1888 0000000000000001
0x00000082ddbff038:   00000279417ea0d8 0000000000000000
0x00000082ddbff048:   00000007139368d8 00000279417c18a0
0x00000082ddbff058:   fffffffffffffff7 00000082ddbff078
0x00000082ddbff068:   00000082ddbff0c0 0000027967558a08
0x00000082ddbff078:   fffffffffffffff7 00000279417a5b31
0x00000082ddbff088:   000000000000000b 00000279417a62c0
0x00000082ddbff098:   0000000000000000 00000007138c3150
0x00000082ddbff0a8:   00000279417a5ca8 fffffffffffffff7
0x00000082ddbff0b8:   00000082ddbff118 00000082ddbff170
0x00000082ddbff0c8:   0000027967558a5a 0000000000000000 

Instructions: (pc=0x00007fffe0cbc75d)
0x00007fffe0cbc65d:   cc cc cc 48 8b 01 41 0f b6 c8 48 8b 50 18 48 ff
0x00007fffe0cbc66d:   a2 d0 01 00 00 cc cc cc cc cc cc cc cc cc cc cc
0x00007fffe0cbc67d:   cc cc cc 48 8b 01 0f 28 cb 0f 28 c2 48 8b 48 18
0x00007fffe0cbc68d:   48 ff a1 d8 01 00 00 cc cc cc cc cc cc cc cc cc
0x00007fffe0cbc69d:   cc cc cc 48 8b 01 45 8b d8 44 8b 44 24 28 41 8b
0x00007fffe0cbc6ad:   d1 41 8b cb 4c 8b 50 18 49 ff a2 e8 01 00 00 cc
0x00007fffe0cbc6bd:   cc cc cc 48 8b 01 41 8b c8 48 8b 50 18 48 ff a2
0x00007fffe0cbc6cd:   f0 01 00 00 cc cc cc cc cc cc cc cc cc cc cc cc
0x00007fffe0cbc6dd:   cc cc cc 40 53 48 8b 01 41 8b d8 44 8b 44 24 30
0x00007fffe0cbc6ed:   41 8b d1 4c 8b 4c 24 38 8b cb 4c 8b 50 18 5b 49
0x00007fffe0cbc6fd:   ff a2 f8 01 00 00 cc cc cc cc cc cc cc cc cc cc
0x00007fffe0cbc70d:   cc cc cc 48 8b 01 48 8b 48 18 48 ff a1 98 02 00
0x00007fffe0cbc71d:   00 cc cc 48 8b 01 48 8b 48 18 48 ff a1 a0 02 00
0x00007fffe0cbc72d:   00 cc cc 48 8b 01 41 8b c8 48 8b 50 18 48 ff a2
0x00007fffe0cbc73d:   c8 02 00 00 cc cc cc cc cc cc cc cc cc cc cc cc
0x00007fffe0cbc74d:   cc cc cc 48 8b 01 49 8b d1 41 8b c8 4c 8b 50 18
0x00007fffe0cbc75d:   49 ff a2 d8 02 00 00 cc cc cc cc cc cc cc cc cc
0x00007fffe0cbc76d:   cc cc cc 48 8b 01 49 8b d1 41 8b c8 4c 8b 50 18
0x00007fffe0cbc77d:   49 ff a2 e0 02 00 00 cc cc cc cc cc cc cc cc cc
0x00007fffe0cbc78d:   cc cc cc 48 8b 01 49 8b d1 41 8b c8 4c 8b 50 18
0x00007fffe0cbc79d:   49 ff a2 f0 02 00 00 cc cc cc cc cc cc cc cc cc
0x00007fffe0cbc7ad:   cc cc cc 48 8b 01 49 8b d1 41 8b c8 4c 8b 50 18
0x00007fffe0cbc7bd:   49 ff a2 f8 02 00 00 cc cc cc cc cc cc cc cc cc
0x00007fffe0cbc7cd:   cc cc cc 48 8b 01 49 8b d1 41 8b c8 4c 8b 50 18
0x00007fffe0cbc7dd:   49 ff a2 00 03 00 00 cc cc cc cc cc cc cc cc cc
0x00007fffe0cbc7ed:   cc cc cc 48 8b 01 49 8b d1 41 8b c8 4c 8b 50 18
0x00007fffe0cbc7fd:   49 ff a2 08 03 00 00 cc cc cc cc cc cc cc cc cc
0x00007fffe0cbc80d:   cc cc cc 48 8b 01 48 8b 48 18 48 8b 81 10 03 00
0x00007fffe0cbc81d:   00 48 ff e0 cc cc cc cc cc cc cc cc cc cc cc cc
0x00007fffe0cbc82d:   cc cc cc 48 8b 01 49 8b d1 41 8b c8 4c 8b 50 18
0x00007fffe0cbc83d:   49 ff a2 68 03 00 00 cc cc cc cc cc cc cc cc cc
0x00007fffe0cbc84d:   cc cc cc 48 8b 01 48 8b 48 18 48 8b 81 78 03 00 


Stack slot to memory mapping:

stack at sp + 0 slots: 0x000002796755cfc7 is at code_begin+1063 in an Interpreter codelet
native method entry point (kind = native)  [0x000002796755cba0, 0x000002796755d6c0]  2848 bytes
stack at sp + 1 slots: 0x0000000000000001 is an unknown value
stack at sp + 2 slots: 0x000002796755cc9e is at code_begin+254 in an Interpreter codelet
native method entry point (kind = native)  [0x000002796755cba0, 0x000002796755d6c0]  2848 bytes
stack at sp + 3 slots: {method} {0x00000279417f3248} 'nglGenTextures' '(IJ)V' in 'org/lwjgl/opengl/GL11C'
stack at sp + 4 slots: 0x00000279411cb7d0 is pointing into metadata
stack at sp + 5 slots: 0x00000082ddbfef18 is pointing into the stack for thread: 0x0000027955957220
stack at sp + 6 slots: 0x00000082ddbfef80 is pointing into the stack for thread: 0x0000027955957220
stack at sp + 7 slots: 0x00000279675589b6 is at code_begin+1526 in an Interpreter codelet
return entry points  [0x00000279675583c0, 0x0000027967559050]  3216 bytes


---------------  P R O C E S S  ---------------

Threads class SMR info:
_java_thread_list=0x00000279453bda50, length=16, elements={
0x0000027955957220, 0x0000027976f2f8b0, 0x0000027976f307d0, 0x0000027976f32dc0,
0x0000027976f35b90, 0x0000027976f3e740, 0x0000027976f3f420, 0x0000027976f44520,
0x0000027976f44fd0, 0x00000279451cd490, 0x0000027945241800, 0x000002794524a8e0,
0x000002794524c880, 0x0000027945277ff0, 0x00000279454d4ef0, 0x00000279454dc5f0
}

Java Threads: ( => current thread )
=>0x0000027955957220 JavaThread "main"                              [_thread_in_native, id=23412, stack(0x00000082ddb00000,0x00000082ddc00000) (1024K)]
  0x0000027976f2f8b0 JavaThread "Reference Handler"          daemon [_thread_blocked, id=5216, stack(0x00000082de300000,0x00000082de400000) (1024K)]
  0x0000027976f307d0 JavaThread "Finalizer"                  daemon [_thread_blocked, id=24144, stack(0x00000082de400000,0x00000082de500000) (1024K)]
  0x0000027976f32dc0 JavaThread "Signal Dispatcher"          daemon [_thread_blocked, id=23360, stack(0x00000082de500000,0x00000082de600000) (1024K)]
  0x0000027976f35b90 JavaThread "Attach Listener"            daemon [_thread_blocked, id=17152, stack(0x00000082de600000,0x00000082de700000) (1024K)]
  0x0000027976f3e740 JavaThread "Service Thread"             daemon [_thread_blocked, id=21236, stack(0x00000082de700000,0x00000082de800000) (1024K)]
  0x0000027976f3f420 JavaThread "Monitor Deflation Thread"   daemon [_thread_blocked, id=5324, stack(0x00000082de800000,0x00000082de900000) (1024K)]
  0x0000027976f44520 JavaThread "C2 CompilerThread0"         daemon [_thread_blocked, id=20612, stack(0x00000082de900000,0x00000082dea00000) (1024K)]
  0x0000027976f44fd0 JavaThread "C1 CompilerThread0"         daemon [_thread_blocked, id=7020, stack(0x00000082dea00000,0x00000082deb00000) (1024K)]
  0x00000279451cd490 JavaThread "C1 CompilerThread1"         daemon [_thread_blocked, id=18364, stack(0x00000082deb00000,0x00000082dec00000) (1024K)]
  0x0000027945241800 JavaThread "Common-Cleaner"             daemon [_thread_blocked, id=17428, stack(0x00000082dec00000,0x00000082ded00000) (1024K)]
  0x000002794524a8e0 JavaThread "C1 CompilerThread2"         daemon [_thread_blocked, id=23260, stack(0x00000082ded00000,0x00000082dee00000) (1024K)]
  0x000002794524c880 JavaThread "C1 CompilerThread3"         daemon [_thread_blocked, id=11748, stack(0x00000082dee00000,0x00000082def00000) (1024K)]
  0x0000027945277ff0 JavaThread "C2 CompilerThread1"         daemon [_thread_blocked, id=23968, stack(0x00000082def00000,0x00000082df000000) (1024K)]
  0x00000279454d4ef0 JavaThread "Monitor Ctrl-Break"         daemon [_thread_in_native, id=20180, stack(0x00000082df000000,0x00000082df100000) (1024K)]
  0x00000279454dc5f0 JavaThread "Notification Thread"        daemon [_thread_blocked, id=14988, stack(0x00000082df100000,0x00000082df200000) (1024K)]
Total: 16

Other Threads:
  0x0000027976f15110 VMThread "VM Thread"                           [id=16212, stack(0x00000082de200000,0x00000082de300000) (1024K)]
  0x0000027976efd250 WatcherThread "VM Periodic Task Thread"        [id=3176, stack(0x00000082de100000,0x00000082de200000) (1024K)]
  0x0000027957e24380 WorkerThread "GC Thread#0"                     [id=16448, stack(0x00000082ddc00000,0x00000082ddd00000) (1024K)]
  0x0000027957e34ff0 ConcurrentGCThread "G1 Main Marker"            [id=22856, stack(0x00000082ddd00000,0x00000082dde00000) (1024K)]
  0x0000027957e35b00 WorkerThread "G1 Conc#0"                       [id=10704, stack(0x00000082dde00000,0x00000082ddf00000) (1024K)]
  0x0000027976dcb430 ConcurrentGCThread "G1 Refine#0"               [id=20928, stack(0x00000082ddf00000,0x00000082de000000) (1024K)]
  0x0000027976dcbec0 ConcurrentGCThread "G1 Service"                [id=916, stack(0x00000082de000000,0x00000082de100000) (1024K)]
Total: 7

Threads with active compile tasks:
Total: 0

VM state: not at safepoint (normal execution)

VM Mutex/Monitor currently owned by a thread: None

Heap address: 0x0000000705200000, size: 4014 MB, Compressed Oops mode: Zero based, Oop shift amount: 3

CDS archive(s) mapped at: [0x0000027900000000-0x0000027900c50000-0x0000027900c50000), size 12910592, SharedBaseAddress: 0x0000027900000000, ArchiveRelocationMode: 1.
Compressed class space mapped at: 0x0000027901000000-0x0000027941000000, reserved size: 1073741824
Narrow klass base: 0x0000027900000000, Narrow klass shift: 0, Narrow klass range: 0x41000000

GC Precious Log:
 CardTable entry size: 512
 Card Set container configuration: InlinePtr #cards 4 size 8 Array Of Cards #cards 16 size 48 Howl #buckets 8 coarsen threshold 3686 Howl Bitmap #cards 512 size 80 coarsen threshold 460 Card regions per heap region 1 cards per card region 4096
 CPUs: 20 total, 20 available
 Memory: 16051M
 Large Page Support: Disabled
 NUMA Support: Disabled
 Compressed Oops: Enabled (Zero based)
 Heap Region Size: 2M
 Heap Min Capacity: 8M
 Heap Initial Capacity: 252M
 Heap Max Capacity: 4014M
 Pre-touch: Disabled
 Parallel Workers: 15
 Concurrent Workers: 4
 Concurrent Refinement Workers: 15
 Periodic GC: Disabled

Heap:
 garbage-first heap   total reserved 4110336K, committed 258048K, used 18432K [0x0000000705200000, 0x0000000800000000)
  region size 2048K, 11 young (22528K), 0 survivors (0K)
 Metaspace       used 7187K, committed 7424K, reserved 1114112K
  class space    used 598K, committed 704K, reserved 1048576K

Heap Regions: E=young(eden), S=young(survivor), O=old, HS=humongous(starts), HC=humongous(continues), CS=collection set, F=free, TAMS=top-at-mark-start, PB=parsable bottom
|   0|0x0000000705200000, 0x0000000705200000, 0x0000000705400000|  0%| F|  |TAMS 0x0000000705200000| PB 0x0000000705200000| Untracked |  0
|   1|0x0000000705400000, 0x0000000705400000, 0x0000000705600000|  0%| F|  |TAMS 0x0000000705400000| PB 0x0000000705400000| Untracked |  0
|   2|0x0000000705600000, 0x0000000705600000, 0x0000000705800000|  0%| F|  |TAMS 0x0000000705600000| PB 0x0000000705600000| Untracked |  0
|   3|0x0000000705800000, 0x0000000705800000, 0x0000000705a00000|  0%| F|  |TAMS 0x0000000705800000| PB 0x0000000705800000| Untracked |  0
|   4|0x0000000705a00000, 0x0000000705a00000, 0x0000000705c00000|  0%| F|  |TAMS 0x0000000705a00000| PB 0x0000000705a00000| Untracked |  0
|   5|0x0000000705c00000, 0x0000000705c00000, 0x0000000705e00000|  0%| F|  |TAMS 0x0000000705c00000| PB 0x0000000705c00000| Untracked |  0
|   6|0x0000000705e00000, 0x0000000705e00000, 0x0000000706000000|  0%| F|  |TAMS 0x0000000705e00000| PB 0x0000000705e00000| Untracked |  0
|   7|0x0000000706000000, 0x0000000706000000, 0x0000000706200000|  0%| F|  |TAMS 0x0000000706000000| PB 0x0000000706000000| Untracked |  0
|   8|0x0000000706200000, 0x0000000706200000, 0x0000000706400000|  0%| F|  |TAMS 0x0000000706200000| PB 0x0000000706200000| Untracked |  0
|   9|0x0000000706400000, 0x0000000706400000, 0x0000000706600000|  0%| F|  |TAMS 0x0000000706400000| PB 0x0000000706400000| Untracked |  0
|  10|0x0000000706600000, 0x0000000706600000, 0x0000000706800000|  0%| F|  |TAMS 0x0000000706600000| PB 0x0000000706600000| Untracked |  0
|  11|0x0000000706800000, 0x0000000706800000, 0x0000000706a00000|  0%| F|  |TAMS 0x0000000706800000| PB 0x0000000706800000| Untracked |  0
|  12|0x0000000706a00000, 0x0000000706a00000, 0x0000000706c00000|  0%| F|  |TAMS 0x0000000706a00000| PB 0x0000000706a00000| Untracked |  0
|  13|0x0000000706c00000, 0x0000000706c00000, 0x0000000706e00000|  0%| F|  |TAMS 0x0000000706c00000| PB 0x0000000706c00000| Untracked |  0
|  14|0x0000000706e00000, 0x0000000706e00000, 0x0000000707000000|  0%| F|  |TAMS 0x0000000706e00000| PB 0x0000000706e00000| Untracked |  0
|  15|0x0000000707000000, 0x0000000707000000, 0x0000000707200000|  0%| F|  |TAMS 0x0000000707000000| PB 0x0000000707000000| Untracked |  0
|  16|0x0000000707200000, 0x0000000707200000, 0x0000000707400000|  0%| F|  |TAMS 0x0000000707200000| PB 0x0000000707200000| Untracked |  0
|  17|0x0000000707400000, 0x0000000707400000, 0x0000000707600000|  0%| F|  |TAMS 0x0000000707400000| PB 0x0000000707400000| Untracked |  0
|  18|0x0000000707600000, 0x0000000707600000, 0x0000000707800000|  0%| F|  |TAMS 0x0000000707600000| PB 0x0000000707600000| Untracked |  0
|  19|0x0000000707800000, 0x0000000707800000, 0x0000000707a00000|  0%| F|  |TAMS 0x0000000707800000| PB 0x0000000707800000| Untracked |  0
|  20|0x0000000707a00000, 0x0000000707a00000, 0x0000000707c00000|  0%| F|  |TAMS 0x0000000707a00000| PB 0x0000000707a00000| Untracked |  0
|  21|0x0000000707c00000, 0x0000000707c00000, 0x0000000707e00000|  0%| F|  |TAMS 0x0000000707c00000| PB 0x0000000707c00000| Untracked |  0
|  22|0x0000000707e00000, 0x0000000707e00000, 0x0000000708000000|  0%| F|  |TAMS 0x0000000707e00000| PB 0x0000000707e00000| Untracked |  0
|  23|0x0000000708000000, 0x0000000708000000, 0x0000000708200000|  0%| F|  |TAMS 0x0000000708000000| PB 0x0000000708000000| Untracked |  0
|  24|0x0000000708200000, 0x0000000708200000, 0x0000000708400000|  0%| F|  |TAMS 0x0000000708200000| PB 0x0000000708200000| Untracked |  0
|  25|0x0000000708400000, 0x0000000708400000, 0x0000000708600000|  0%| F|  |TAMS 0x0000000708400000| PB 0x0000000708400000| Untracked |  0
|  26|0x0000000708600000, 0x0000000708600000, 0x0000000708800000|  0%| F|  |TAMS 0x0000000708600000| PB 0x0000000708600000| Untracked |  0
|  27|0x0000000708800000, 0x0000000708800000, 0x0000000708a00000|  0%| F|  |TAMS 0x0000000708800000| PB 0x0000000708800000| Untracked |  0
|  28|0x0000000708a00000, 0x0000000708a00000, 0x0000000708c00000|  0%| F|  |TAMS 0x0000000708a00000| PB 0x0000000708a00000| Untracked |  0
|  29|0x0000000708c00000, 0x0000000708c00000, 0x0000000708e00000|  0%| F|  |TAMS 0x0000000708c00000| PB 0x0000000708c00000| Untracked |  0
|  30|0x0000000708e00000, 0x0000000708e00000, 0x0000000709000000|  0%| F|  |TAMS 0x0000000708e00000| PB 0x0000000708e00000| Untracked |  0
|  31|0x0000000709000000, 0x0000000709000000, 0x0000000709200000|  0%| F|  |TAMS 0x0000000709000000| PB 0x0000000709000000| Untracked |  0
|  32|0x0000000709200000, 0x0000000709200000, 0x0000000709400000|  0%| F|  |TAMS 0x0000000709200000| PB 0x0000000709200000| Untracked |  0
|  33|0x0000000709400000, 0x0000000709400000, 0x0000000709600000|  0%| F|  |TAMS 0x0000000709400000| PB 0x0000000709400000| Untracked |  0
|  34|0x0000000709600000, 0x0000000709600000, 0x0000000709800000|  0%| F|  |TAMS 0x0000000709600000| PB 0x0000000709600000| Untracked |  0
|  35|0x0000000709800000, 0x0000000709800000, 0x0000000709a00000|  0%| F|  |TAMS 0x0000000709800000| PB 0x0000000709800000| Untracked |  0
|  36|0x0000000709a00000, 0x0000000709a00000, 0x0000000709c00000|  0%| F|  |TAMS 0x0000000709a00000| PB 0x0000000709a00000| Untracked |  0
|  37|0x0000000709c00000, 0x0000000709c00000, 0x0000000709e00000|  0%| F|  |TAMS 0x0000000709c00000| PB 0x0000000709c00000| Untracked |  0
|  38|0x0000000709e00000, 0x0000000709e00000, 0x000000070a000000|  0%| F|  |TAMS 0x0000000709e00000| PB 0x0000000709e00000| Untracked |  0
|  39|0x000000070a000000, 0x000000070a000000, 0x000000070a200000|  0%| F|  |TAMS 0x000000070a000000| PB 0x000000070a000000| Untracked |  0
|  40|0x000000070a200000, 0x000000070a200000, 0x000000070a400000|  0%| F|  |TAMS 0x000000070a200000| PB 0x000000070a200000| Untracked |  0
|  41|0x000000070a400000, 0x000000070a400000, 0x000000070a600000|  0%| F|  |TAMS 0x000000070a400000| PB 0x000000070a400000| Untracked |  0
|  42|0x000000070a600000, 0x000000070a600000, 0x000000070a800000|  0%| F|  |TAMS 0x000000070a600000| PB 0x000000070a600000| Untracked |  0
|  43|0x000000070a800000, 0x000000070a800000, 0x000000070aa00000|  0%| F|  |TAMS 0x000000070a800000| PB 0x000000070a800000| Untracked |  0
|  44|0x000000070aa00000, 0x000000070aa00000, 0x000000070ac00000|  0%| F|  |TAMS 0x000000070aa00000| PB 0x000000070aa00000| Untracked |  0
|  45|0x000000070ac00000, 0x000000070ac00000, 0x000000070ae00000|  0%| F|  |TAMS 0x000000070ac00000| PB 0x000000070ac00000| Untracked |  0
|  46|0x000000070ae00000, 0x000000070ae00000, 0x000000070b000000|  0%| F|  |TAMS 0x000000070ae00000| PB 0x000000070ae00000| Untracked |  0
|  47|0x000000070b000000, 0x000000070b000000, 0x000000070b200000|  0%| F|  |TAMS 0x000000070b000000| PB 0x000000070b000000| Untracked |  0
|  48|0x000000070b200000, 0x000000070b200000, 0x000000070b400000|  0%| F|  |TAMS 0x000000070b200000| PB 0x000000070b200000| Untracked |  0
|  49|0x000000070b400000, 0x000000070b400000, 0x000000070b600000|  0%| F|  |TAMS 0x000000070b400000| PB 0x000000070b400000| Untracked |  0
|  50|0x000000070b600000, 0x000000070b600000, 0x000000070b800000|  0%| F|  |TAMS 0x000000070b600000| PB 0x000000070b600000| Untracked |  0
|  51|0x000000070b800000, 0x000000070b800000, 0x000000070ba00000|  0%| F|  |TAMS 0x000000070b800000| PB 0x000000070b800000| Untracked |  0
|  52|0x000000070ba00000, 0x000000070ba00000, 0x000000070bc00000|  0%| F|  |TAMS 0x000000070ba00000| PB 0x000000070ba00000| Untracked |  0
|  53|0x000000070bc00000, 0x000000070bc00000, 0x000000070be00000|  0%| F|  |TAMS 0x000000070bc00000| PB 0x000000070bc00000| Untracked |  0
|  54|0x000000070be00000, 0x000000070be00000, 0x000000070c000000|  0%| F|  |TAMS 0x000000070be00000| PB 0x000000070be00000| Untracked |  0
|  55|0x000000070c000000, 0x000000070c000000, 0x000000070c200000|  0%| F|  |TAMS 0x000000070c000000| PB 0x000000070c000000| Untracked |  0
|  56|0x000000070c200000, 0x000000070c200000, 0x000000070c400000|  0%| F|  |TAMS 0x000000070c200000| PB 0x000000070c200000| Untracked |  0
|  57|0x000000070c400000, 0x000000070c400000, 0x000000070c600000|  0%| F|  |TAMS 0x000000070c400000| PB 0x000000070c400000| Untracked |  0
|  58|0x000000070c600000, 0x000000070c600000, 0x000000070c800000|  0%| F|  |TAMS 0x000000070c600000| PB 0x000000070c600000| Untracked |  0
|  59|0x000000070c800000, 0x000000070c800000, 0x000000070ca00000|  0%| F|  |TAMS 0x000000070c800000| PB 0x000000070c800000| Untracked |  0
|  60|0x000000070ca00000, 0x000000070ca00000, 0x000000070cc00000|  0%| F|  |TAMS 0x000000070ca00000| PB 0x000000070ca00000| Untracked |  0
|  61|0x000000070cc00000, 0x000000070cc00000, 0x000000070ce00000|  0%| F|  |TAMS 0x000000070cc00000| PB 0x000000070cc00000| Untracked |  0
|  62|0x000000070ce00000, 0x000000070ce00000, 0x000000070d000000|  0%| F|  |TAMS 0x000000070ce00000| PB 0x000000070ce00000| Untracked |  0
|  63|0x000000070d000000, 0x000000070d000000, 0x000000070d200000|  0%| F|  |TAMS 0x000000070d000000| PB 0x000000070d000000| Untracked |  0
|  64|0x000000070d200000, 0x000000070d200000, 0x000000070d400000|  0%| F|  |TAMS 0x000000070d200000| PB 0x000000070d200000| Untracked |  0
|  65|0x000000070d400000, 0x000000070d400000, 0x000000070d600000|  0%| F|  |TAMS 0x000000070d400000| PB 0x000000070d400000| Untracked |  0
|  66|0x000000070d600000, 0x000000070d600000, 0x000000070d800000|  0%| F|  |TAMS 0x000000070d600000| PB 0x000000070d600000| Untracked |  0
|  67|0x000000070d800000, 0x000000070d800000, 0x000000070da00000|  0%| F|  |TAMS 0x000000070d800000| PB 0x000000070d800000| Untracked |  0
|  68|0x000000070da00000, 0x000000070da00000, 0x000000070dc00000|  0%| F|  |TAMS 0x000000070da00000| PB 0x000000070da00000| Untracked |  0
|  69|0x000000070dc00000, 0x000000070dc00000, 0x000000070de00000|  0%| F|  |TAMS 0x000000070dc00000| PB 0x000000070dc00000| Untracked |  0
|  70|0x000000070de00000, 0x000000070de00000, 0x000000070e000000|  0%| F|  |TAMS 0x000000070de00000| PB 0x000000070de00000| Untracked |  0
|  71|0x000000070e000000, 0x000000070e000000, 0x000000070e200000|  0%| F|  |TAMS 0x000000070e000000| PB 0x000000070e000000| Untracked |  0
|  72|0x000000070e200000, 0x000000070e200000, 0x000000070e400000|  0%| F|  |TAMS 0x000000070e200000| PB 0x000000070e200000| Untracked |  0
|  73|0x000000070e400000, 0x000000070e400000, 0x000000070e600000|  0%| F|  |TAMS 0x000000070e400000| PB 0x000000070e400000| Untracked |  0
|  74|0x000000070e600000, 0x000000070e600000, 0x000000070e800000|  0%| F|  |TAMS 0x000000070e600000| PB 0x000000070e600000| Untracked |  0
|  75|0x000000070e800000, 0x000000070e800000, 0x000000070ea00000|  0%| F|  |TAMS 0x000000070e800000| PB 0x000000070e800000| Untracked |  0
|  76|0x000000070ea00000, 0x000000070ea00000, 0x000000070ec00000|  0%| F|  |TAMS 0x000000070ea00000| PB 0x000000070ea00000| Untracked |  0
|  77|0x000000070ec00000, 0x000000070ec00000, 0x000000070ee00000|  0%| F|  |TAMS 0x000000070ec00000| PB 0x000000070ec00000| Untracked |  0
|  78|0x000000070ee00000, 0x000000070ee00000, 0x000000070f000000|  0%| F|  |TAMS 0x000000070ee00000| PB 0x000000070ee00000| Untracked |  0
|  79|0x000000070f000000, 0x000000070f000000, 0x000000070f200000|  0%| F|  |TAMS 0x000000070f000000| PB 0x000000070f000000| Untracked |  0
|  80|0x000000070f200000, 0x000000070f200000, 0x000000070f400000|  0%| F|  |TAMS 0x000000070f200000| PB 0x000000070f200000| Untracked |  0
|  81|0x000000070f400000, 0x000000070f400000, 0x000000070f600000|  0%| F|  |TAMS 0x000000070f400000| PB 0x000000070f400000| Untracked |  0
|  82|0x000000070f600000, 0x000000070f600000, 0x000000070f800000|  0%| F|  |TAMS 0x000000070f600000| PB 0x000000070f600000| Untracked |  0
|  83|0x000000070f800000, 0x000000070f800000, 0x000000070fa00000|  0%| F|  |TAMS 0x000000070f800000| PB 0x000000070f800000| Untracked |  0
|  84|0x000000070fa00000, 0x000000070fa00000, 0x000000070fc00000|  0%| F|  |TAMS 0x000000070fa00000| PB 0x000000070fa00000| Untracked |  0
|  85|0x000000070fc00000, 0x000000070fc00000, 0x000000070fe00000|  0%| F|  |TAMS 0x000000070fc00000| PB 0x000000070fc00000| Untracked |  0
|  86|0x000000070fe00000, 0x000000070fe00000, 0x0000000710000000|  0%| F|  |TAMS 0x000000070fe00000| PB 0x000000070fe00000| Untracked |  0
|  87|0x0000000710000000, 0x0000000710000000, 0x0000000710200000|  0%| F|  |TAMS 0x0000000710000000| PB 0x0000000710000000| Untracked |  0
|  88|0x0000000710200000, 0x0000000710200000, 0x0000000710400000|  0%| F|  |TAMS 0x0000000710200000| PB 0x0000000710200000| Untracked |  0
|  89|0x0000000710400000, 0x0000000710400000, 0x0000000710600000|  0%| F|  |TAMS 0x0000000710400000| PB 0x0000000710400000| Untracked |  0
|  90|0x0000000710600000, 0x0000000710600000, 0x0000000710800000|  0%| F|  |TAMS 0x0000000710600000| PB 0x0000000710600000| Untracked |  0
|  91|0x0000000710800000, 0x0000000710800000, 0x0000000710a00000|  0%| F|  |TAMS 0x0000000710800000| PB 0x0000000710800000| Untracked |  0
|  92|0x0000000710a00000, 0x0000000710a00000, 0x0000000710c00000|  0%| F|  |TAMS 0x0000000710a00000| PB 0x0000000710a00000| Untracked |  0
|  93|0x0000000710c00000, 0x0000000710c00000, 0x0000000710e00000|  0%| F|  |TAMS 0x0000000710c00000| PB 0x0000000710c00000| Untracked |  0
|  94|0x0000000710e00000, 0x0000000710e00000, 0x0000000711000000|  0%| F|  |TAMS 0x0000000710e00000| PB 0x0000000710e00000| Untracked |  0
|  95|0x0000000711000000, 0x0000000711000000, 0x0000000711200000|  0%| F|  |TAMS 0x0000000711000000| PB 0x0000000711000000| Untracked |  0
|  96|0x0000000711200000, 0x0000000711200000, 0x0000000711400000|  0%| F|  |TAMS 0x0000000711200000| PB 0x0000000711200000| Untracked |  0
|  97|0x0000000711400000, 0x0000000711400000, 0x0000000711600000|  0%| F|  |TAMS 0x0000000711400000| PB 0x0000000711400000| Untracked |  0
|  98|0x0000000711600000, 0x0000000711600000, 0x0000000711800000|  0%| F|  |TAMS 0x0000000711600000| PB 0x0000000711600000| Untracked |  0
|  99|0x0000000711800000, 0x0000000711800000, 0x0000000711a00000|  0%| F|  |TAMS 0x0000000711800000| PB 0x0000000711800000| Untracked |  0
| 100|0x0000000711a00000, 0x0000000711a00000, 0x0000000711c00000|  0%| F|  |TAMS 0x0000000711a00000| PB 0x0000000711a00000| Untracked |  0
| 101|0x0000000711c00000, 0x0000000711c00000, 0x0000000711e00000|  0%| F|  |TAMS 0x0000000711c00000| PB 0x0000000711c00000| Untracked |  0
| 102|0x0000000711e00000, 0x0000000711e00000, 0x0000000712000000|  0%| F|  |TAMS 0x0000000711e00000| PB 0x0000000711e00000| Untracked |  0
| 103|0x0000000712000000, 0x0000000712000000, 0x0000000712200000|  0%| F|  |TAMS 0x0000000712000000| PB 0x0000000712000000| Untracked |  0
| 104|0x0000000712200000, 0x0000000712200000, 0x0000000712400000|  0%| F|  |TAMS 0x0000000712200000| PB 0x0000000712200000| Untracked |  0
| 105|0x0000000712400000, 0x0000000712400000, 0x0000000712600000|  0%| F|  |TAMS 0x0000000712400000| PB 0x0000000712400000| Untracked |  0
| 106|0x0000000712600000, 0x0000000712600000, 0x0000000712800000|  0%| F|  |TAMS 0x0000000712600000| PB 0x0000000712600000| Untracked |  0
| 107|0x0000000712800000, 0x0000000712800000, 0x0000000712a00000|  0%| F|  |TAMS 0x0000000712800000| PB 0x0000000712800000| Untracked |  0
| 108|0x0000000712a00000, 0x0000000712a00000, 0x0000000712c00000|  0%| F|  |TAMS 0x0000000712a00000| PB 0x0000000712a00000| Untracked |  0
| 109|0x0000000712c00000, 0x0000000712c00000, 0x0000000712e00000|  0%| F|  |TAMS 0x0000000712c00000| PB 0x0000000712c00000| Untracked |  0
| 110|0x0000000712e00000, 0x0000000712e00000, 0x0000000713000000|  0%| F|  |TAMS 0x0000000712e00000| PB 0x0000000712e00000| Untracked |  0
| 111|0x0000000713000000, 0x0000000713000000, 0x0000000713200000|  0%| F|  |TAMS 0x0000000713000000| PB 0x0000000713000000| Untracked |  0
| 112|0x0000000713200000, 0x0000000713200000, 0x0000000713400000|  0%| F|  |TAMS 0x0000000713200000| PB 0x0000000713200000| Untracked |  0
| 113|0x0000000713400000, 0x0000000713400000, 0x0000000713600000|  0%| F|  |TAMS 0x0000000713400000| PB 0x0000000713400000| Untracked |  0
| 114|0x0000000713600000, 0x0000000713600000, 0x0000000713800000|  0%| F|  |TAMS 0x0000000713600000| PB 0x0000000713600000| Untracked |  0
| 115|0x0000000713800000, 0x00000007139ebd40, 0x0000000713a00000| 96%| E|  |TAMS 0x0000000713800000| PB 0x0000000713800000| Complete |  0
| 116|0x0000000713a00000, 0x0000000713c00000, 0x0000000713c00000|100%| E|CS|TAMS 0x0000000713a00000| PB 0x0000000713a00000| Complete |  0
| 117|0x0000000713c00000, 0x0000000713e00000, 0x0000000713e00000|100%| E|CS|TAMS 0x0000000713c00000| PB 0x0000000713c00000| Complete |  0
| 118|0x0000000713e00000, 0x0000000714000000, 0x0000000714000000|100%| E|CS|TAMS 0x0000000713e00000| PB 0x0000000713e00000| Complete |  0
| 119|0x0000000714000000, 0x0000000714200000, 0x0000000714200000|100%| E|CS|TAMS 0x0000000714000000| PB 0x0000000714000000| Complete |  0
| 120|0x0000000714200000, 0x0000000714400000, 0x0000000714400000|100%| E|CS|TAMS 0x0000000714200000| PB 0x0000000714200000| Complete |  0
| 121|0x0000000714400000, 0x0000000714600000, 0x0000000714600000|100%| E|CS|TAMS 0x0000000714400000| PB 0x0000000714400000| Complete |  0
| 122|0x0000000714600000, 0x0000000714800000, 0x0000000714800000|100%| E|  |TAMS 0x0000000714600000| PB 0x0000000714600000| Complete |  0
| 123|0x0000000714800000, 0x0000000714a00000, 0x0000000714a00000|100%| E|CS|TAMS 0x0000000714800000| PB 0x0000000714800000| Complete |  0
| 124|0x0000000714a00000, 0x0000000714c00000, 0x0000000714c00000|100%| E|CS|TAMS 0x0000000714a00000| PB 0x0000000714a00000| Complete |  0
| 125|0x0000000714c00000, 0x0000000714e00000, 0x0000000714e00000|100%| E|CS|TAMS 0x0000000714c00000| PB 0x0000000714c00000| Complete |  0

Card table byte_map: [0x0000027970380000,0x0000027970b60000] _byte_map_base: 0x000002796cb57000

Marking Bits: (CMBitMap*) 0x0000027957e24a90
 Bits: [0x0000027970b60000, 0x0000027974a18000)

Polling page: 0x0000027955ce0000

Metaspace:

Usage:
  Non-class:      6.43 MB used.
      Class:    598.38 KB used.
       Both:      7.02 MB used.

Virtual space:
  Non-class space:       64.00 MB reserved,       6.56 MB ( 10%) committed,  1 nodes.
      Class space:        1.00 GB reserved,     704.00 KB ( <1%) committed,  1 nodes.
             Both:        1.06 GB reserved,       7.25 MB ( <1%) committed. 

Chunk freelists:
   Non-Class:  7.98 MB
       Class:  15.33 MB
        Both:  23.31 MB

MaxMetaspaceSize: unlimited
CompressedClassSpaceSize: 1.00 GB
Initial GC threshold: 21.00 MB
Current GC threshold: 21.00 MB
CDS: on
 - commit_granule_bytes: 65536.
 - commit_granule_words: 8192.
 - virtual_space_node_default_size: 8388608.
 - enlarge_chunks_in_place: 1.
 - use_allocation_guard: 0.


Internal statistics:

num_allocs_failed_limit: 0.
num_arena_births: 92.
num_arena_deaths: 0.
num_vsnodes_births: 2.
num_vsnodes_deaths: 0.
num_space_committed: 116.
num_space_uncommitted: 0.
num_chunks_returned_to_freelist: 0.
num_chunks_taken_from_freelist: 277.
num_chunk_merges: 0.
num_chunk_splits: 202.
num_chunks_enlarged: 160.
num_inconsistent_stats: 0.

CodeHeap 'non-profiled nmethods': size=119168Kb used=307Kb max_used=307Kb free=118860Kb
 bounds [0x0000027967ca0000, 0x0000027967f10000, 0x000002796f100000]
CodeHeap 'profiled nmethods': size=119104Kb used=2248Kb max_used=2248Kb free=116856Kb
 bounds [0x0000027960100000, 0x0000027960370000, 0x0000027967550000]
CodeHeap 'non-nmethods': size=7488Kb used=3822Kb max_used=3837Kb free=3665Kb
 bounds [0x0000027967550000, 0x0000027967920000, 0x0000027967ca0000]
 total_blobs=2312 nmethods=1215 adapters=999
 compilation: enabled
              stopped_count=0, restarted_count=0
 full_count=0

Compilation events (20 events):
Event: 0.411 Thread 0x0000027976f44520 1205       4       java.io.WinNTFileSystem::isSlash (18 bytes)
Event: 0.411 Thread 0x0000027945277ff0 1206       4       java.lang.StringBuilder::append (8 bytes)
Event: 0.411 Thread 0x0000027976f44520 nmethod 1205 0x0000027967ceab10 code [0x0000027967ceac80, 0x0000027967cead20]
Event: 0.412 Thread 0x0000027976f44fd0 1207       3       java.nio.ByteBuffer::put (124 bytes)
Event: 0.412 Thread 0x0000027976f44fd0 nmethod 1207 0x000002796032f610 code [0x000002796032f860, 0x00000279603300e0]
Event: 0.412 Thread 0x0000027976f44520 1208   !   4       jdk.internal.misc.ScopedMemoryAccess::getByte (16 bytes)
Event: 0.412 Thread 0x00000279451cd490 1209       3       jdk.internal.jimage.ImageLocation::verify (218 bytes)
Event: 0.413 Thread 0x0000027976f44520 nmethod 1208 0x0000027967ceae10 code [0x0000027967ceafa0, 0x0000027967ceb078]
Event: 0.413 Thread 0x00000279451cd490 nmethod 1209 0x0000027960330390 code [0x0000027960330640, 0x00000279603312e0]
Event: 0.414 Thread 0x000002794524c880 1210       1       org.lwjgl.system.Pointer$Default::address (5 bytes)
Event: 0.414 Thread 0x000002794524c880 nmethod 1210 0x0000027967ceb190 code [0x0000027967ceb320, 0x0000027967ceb3e8]
Event: 0.414 Thread 0x0000027945277ff0 nmethod 1206 0x0000027967ceba90 code [0x0000027967cebc60, 0x0000027967cec248]
Event: 0.414 Thread 0x000002794524c880 1213       3       sun.misc.Unsafe::putLong (11 bytes)
Event: 0.414 Thread 0x00000279451cd490 1214       3       org.lwjgl.system.MemoryUtil::memPutAddress (29 bytes)
Event: 0.414 Thread 0x0000027976f44520 1215       4       java.lang.Integer::toUnsignedLong (7 bytes)
Event: 0.414 Thread 0x000002794524c880 nmethod 1213 0x0000027960331810 code [0x00000279603319a0, 0x0000027960331ab0]
Event: 0.414 Thread 0x00000279451cd490 nmethod 1214 0x0000027960331b90 code [0x0000027960331d40, 0x0000027960331f38]
Event: 0.414 Thread 0x0000027945277ff0 1216       4       sun.misc.Unsafe::putLong (11 bytes)
Event: 0.414 Thread 0x0000027976f44520 nmethod 1215 0x0000027967cec910 code [0x0000027967ceca80, 0x0000027967cecae8]
Event: 0.415 Thread 0x0000027945277ff0 nmethod 1216 0x0000027967cecc10 code [0x0000027967cecd80, 0x0000027967cece30]

GC Heap History (0 events):
No events

Dll operation events (14 events):
Event: 0.005 Loaded shared library C:\Users\milos\.jdks\openjdk-22.0.1\bin\java.dll
Event: 0.025 Loaded shared library C:\Users\milos\.jdks\openjdk-22.0.1\bin\jsvml.dll
Event: 0.050 Loaded shared library C:\Users\milos\.jdks\openjdk-22.0.1\bin\zip.dll
Event: 0.052 Loaded shared library C:\Users\milos\.jdks\openjdk-22.0.1\bin\instrument.dll
Event: 0.054 Loaded shared library C:\Users\milos\.jdks\openjdk-22.0.1\bin\net.dll
Event: 0.055 Loaded shared library C:\Users\milos\.jdks\openjdk-22.0.1\bin\nio.dll
Event: 0.058 Loaded shared library C:\Users\milos\.jdks\openjdk-22.0.1\bin\zip.dll
Event: 0.072 Loaded shared library C:\Program Files\JetBrains\IntelliJ IDEA Community Edition 2024.1.2\bin\breakgen64.dll
Event: 0.077 Loaded shared library C:\Users\milos\.jdks\openjdk-22.0.1\bin\extnet.dll
Event: 0.116 Loaded shared library C:\Users\milos\.jdks\openjdk-22.0.1\bin\jimage.dll
Event: 0.129 Loaded shared library C:\Users\milos\AppData\Local\Temp\lwjgl_milos\3.3.3+5\x64\lwjgl.dll
Event: 0.368 Loaded shared library C:\Users\milos\.jdks\openjdk-22.0.1\bin\verify.dll
Event: 0.377 Loaded shared library C:\Users\milos\AppData\Local\Temp\lwjgl_milos\3.3.3+5\x64\lwjgl_stb.dll
Event: 0.410 Loaded shared library C:\Users\milos\AppData\Local\Temp\lwjgl_milos\3.3.3+5\x64\lwjgl_opengl.dll

Deoptimization events (20 events):
Event: 0.149 Thread 0x0000027955957220 Uncommon trap: trap_request=0xffffff45 fr.pc=0x0000027967caf1e4 relative=0x0000000000000b24
Event: 0.149 Thread 0x0000027955957220 Uncommon trap: reason=unstable_if action=reinterpret pc=0x0000027967caf1e4 method=java.util.HashMap.putVal(ILjava/lang/Object;Ljava/lang/Object;ZZ)Ljava/lang/Object; @ 181 c2
Event: 0.149 Thread 0x0000027955957220 DEOPT PACKING pc=0x0000027967caf1e4 sp=0x00000082ddbfb750
Event: 0.149 Thread 0x0000027955957220 DEOPT UNPACKING pc=0x00000279675a46a2 sp=0x00000082ddbfb710 mode 2
Event: 0.231 Thread 0x0000027955957220 DEOPT PACKING pc=0x00000279601665a5 sp=0x00000082ddbfa860
Event: 0.231 Thread 0x0000027955957220 DEOPT UNPACKING pc=0x00000279675a4e42 sp=0x00000082ddbf9cb0 mode 0
Event: 0.241 Thread 0x0000027955957220 Uncommon trap: trap_request=0xffffff45 fr.pc=0x0000027967cc5570 relative=0x00000000000001b0
Event: 0.241 Thread 0x0000027955957220 Uncommon trap: reason=unstable_if action=reinterpret pc=0x0000027967cc5570 method=java.lang.invoke.VarHandle.checkAccessModeThenIsDirect(Ljava/lang/invoke/VarHandle$AccessDescriptor;)Z @ 4 c2
Event: 0.241 Thread 0x0000027955957220 DEOPT PACKING pc=0x0000027967cc5570 sp=0x00000082ddbfd1c0
Event: 0.241 Thread 0x0000027955957220 DEOPT UNPACKING pc=0x00000279675a46a2 sp=0x00000082ddbfd0f8 mode 2
Event: 0.324 Thread 0x0000027955957220 DEOPT PACKING pc=0x0000027960163643 sp=0x00000082ddbfcd90
Event: 0.324 Thread 0x0000027955957220 DEOPT UNPACKING pc=0x00000279675a4e42 sp=0x00000082ddbfc208 mode 0
Event: 0.372 Thread 0x0000027955957220 Uncommon trap: trap_request=0xffffff6e fr.pc=0x0000027967cd5370 relative=0x0000000000000430
Event: 0.372 Thread 0x0000027955957220 Uncommon trap: reason=loop_limit_check action=maybe_recompile pc=0x0000027967cd5370 method=java.lang.StringLatin1.indexOf([BI[BII)I @ 37 c2
Event: 0.372 Thread 0x0000027955957220 DEOPT PACKING pc=0x0000027967cd5370 sp=0x00000082ddbfd4a0
Event: 0.372 Thread 0x0000027955957220 DEOPT UNPACKING pc=0x00000279675a46a2 sp=0x00000082ddbfd400 mode 2
Event: 0.415 Thread 0x0000027955957220 Uncommon trap: trap_request=0xffffff54 fr.pc=0x0000027967cecdf0 relative=0x0000000000000070
Event: 0.415 Thread 0x0000027955957220 Uncommon trap: reason=speculate_null_assert action=make_not_entrant pc=0x0000027967cecdf0 method=sun.misc.Unsafe.putLong(Ljava/lang/Object;JJ)V @ 7 c2
Event: 0.415 Thread 0x0000027955957220 DEOPT PACKING pc=0x0000027967cecdf0 sp=0x00000082ddbfee30
Event: 0.415 Thread 0x0000027955957220 DEOPT UNPACKING pc=0x00000279675a46a2 sp=0x00000082ddbfeda8 mode 2

Classes loaded (20 events):
Event: 0.347 Loading class java/nio/file/DirectoryStream$Filter done
Event: 0.347 Loading class java/nio/file/Files$AcceptAllFilter done
Event: 0.347 Loading class sun/nio/fs/WindowsDirectoryStream$WindowsDirectoryIterator
Event: 0.347 Loading class sun/nio/fs/WindowsDirectoryStream$WindowsDirectoryIterator done
Event: 0.347 Loading class sun/nio/fs/WindowsPath$WindowsPathWithAttributes
Event: 0.347 Loading class sun/nio/fs/BasicFileAttributesHolder
Event: 0.347 Loading class sun/nio/fs/BasicFileAttributesHolder done
Event: 0.347 Loading class sun/nio/fs/WindowsPath$WindowsPathWithAttributes done
Event: 0.354 Loading class sun/security/provider/AbstractDrbg$NonceProvider
Event: 0.354 Loading class sun/security/provider/AbstractDrbg$NonceProvider done
Event: 0.354 Loading class sun/security/provider/SHA2$SHA256
Event: 0.354 Loading class sun/security/provider/SHA2
Event: 0.354 Loading class sun/security/provider/SHA2 done
Event: 0.354 Loading class sun/security/provider/SHA2$SHA256 done
Event: 0.367 Loading class java/io/Externalizable
Event: 0.367 Loading class java/io/Externalizable done
Event: 0.412 Loading class jdk/internal/foreign/MemorySessionImpl
Event: 0.412 Loading class java/lang/foreign/MemorySegment$Scope
Event: 0.412 Loading class java/lang/foreign/MemorySegment$Scope done
Event: 0.412 Loading class jdk/internal/foreign/MemorySessionImpl done

Classes unloaded (0 events):
No events

Classes redefined (0 events):
No events

Internal exceptions (20 events):
Event: 0.163 Thread 0x0000027955957220 Exception <a 'java/lang/NoSuchMethodError'{0x00000007146db908}: 'java.lang.Object java.lang.invoke.DirectMethodHandle$Holder.newInvokeSpecial(java.lang.Object, java.lang.Object, int)'> (0x00000007146db908) 
thrown [s\open\src\hotspot\share\interpreter\linkResolver.cpp, line 774]
Event: 0.164 Thread 0x0000027955957220 Exception <a 'java/lang/NoSuchMethodError'{0x00000007146ea328}: 'int java.lang.invoke.DirectMethodHandle$Holder.invokeStaticInit(java.lang.Object, java.lang.Object, long, long)'> (0x00000007146ea328) 
thrown [s\open\src\hotspot\share\interpreter\linkResolver.cpp, line 774]
Event: 0.164 Thread 0x0000027955957220 Exception <a 'java/lang/NoSuchMethodError'{0x00000007146efdb0}: 'java.lang.Object java.lang.invoke.DirectMethodHandle$Holder.newInvokeSpecial(java.lang.Object, java.lang.Object, long)'> (0x00000007146efdb0) 
thrown [s\open\src\hotspot\share\interpreter\linkResolver.cpp, line 774]
Event: 0.165 Thread 0x0000027955957220 Exception <a 'java/lang/NoSuchMethodError'{0x00000007146f3c58}: 'java.lang.Object java.lang.invoke.Invokers$Holder.linkToTargetMethod(java.lang.Object, long, java.lang.Object)'> (0x00000007146f3c58) 
thrown [s\open\src\hotspot\share\interpreter\linkResolver.cpp, line 774]
Event: 0.165 Thread 0x0000027955957220 Exception <a 'java/lang/NoSuchMethodError'{0x00000007146fb0c0}: 'int java.lang.invoke.DirectMethodHandle$Holder.invokeStaticInit(java.lang.Object, java.lang.Object, java.lang.Object, long)'> (0x00000007146fb0c0) 
thrown [s\open\src\hotspot\share\interpreter\linkResolver.cpp, line 774]
Event: 0.181 Thread 0x0000027955957220 Exception <a 'sun/nio/fs/WindowsException'{0x000000071479c638}> (0x000000071479c638) 
thrown [s\open\src\hotspot\share\prims\jni.cpp, line 520]
Event: 0.181 Thread 0x0000027955957220 Exception <a 'sun/nio/fs/WindowsException'{0x000000071479c998}> (0x000000071479c998) 
thrown [s\open\src\hotspot\share\prims\jni.cpp, line 520]
Event: 0.186 Thread 0x0000027955957220 Exception <a 'java/lang/NoSuchMethodError'{0x00000007147b36a0}: 'int java.lang.invoke.Invokers$Holder.invokeExact_MT(java.lang.Object, java.lang.Object)'> (0x00000007147b36a0) 
thrown [s\open\src\hotspot\share\interpreter\linkResolver.cpp, line 774]
Event: 0.343 Thread 0x0000027955957220 Exception <a 'java/lang/NoSuchMethodError'{0x0000000713ba0088}: 'java.lang.Object java.lang.invoke.DirectMethodHandle$Holder.invokeStaticInit(java.lang.Object, int, int, int, int)'> (0x0000000713ba0088) 
thrown [s\open\src\hotspot\share\interpreter\linkResolver.cpp, line 774]
Event: 0.353 Thread 0x0000027955957220 Exception <a 'java/lang/NoSuchMethodError'{0x000000071387e120}: 'java.lang.Object java.lang.invoke.DirectMethodHandle$Holder.invokeStaticInit(java.lang.Object, java.lang.Object, int, int, int, int)'> (0x000000071387e120) 
thrown [s\open\src\hotspot\share\interpreter\linkResolver.cpp, line 774]
Event: 0.371 Thread 0x0000027955957220 Exception <a 'java/lang/NoSuchMethodError'{0x00000007138dd750}: 'void java.lang.System.load(java.lang.String, java.lang.Class)'> (0x00000007138dd750) 
thrown [s\open\src\hotspot\share\interpreter\linkResolver.cpp, line 774]
Event: 0.372 Thread 0x0000027955957220 Exception <a 'java/lang/NoSuchMethodError'{0x00000007138e01a0}: 'void java.lang.System.loadLibrary(java.lang.String, java.lang.Class)'> (0x00000007138e01a0) 
thrown [s\open\src\hotspot\share\interpreter\linkResolver.cpp, line 774]
Event: 0.377 Thread 0x0000027955957220 Exception <a 'sun/nio/fs/WindowsException'{0x00000007138ef810}> (0x00000007138ef810) 
thrown [s\open\src\hotspot\share\prims\jni.cpp, line 520]
Event: 0.377 Thread 0x0000027955957220 Exception <a 'sun/nio/fs/WindowsException'{0x00000007138efb90}> (0x00000007138efb90) 
thrown [s\open\src\hotspot\share\prims\jni.cpp, line 520]
Event: 0.404 Thread 0x0000027955957220 Exception <a 'java/lang/NoSuchMethodError'{0x000000071394d6a0}: 'void java.lang.System.load(java.lang.String, java.lang.Class)'> (0x000000071394d6a0) 
thrown [s\open\src\hotspot\share\interpreter\linkResolver.cpp, line 774]
Event: 0.405 Thread 0x0000027955957220 Exception <a 'java/lang/NoSuchMethodError'{0x00000007139500f0}: 'void java.lang.System.loadLibrary(java.lang.String, java.lang.Class)'> (0x00000007139500f0) 
thrown [s\open\src\hotspot\share\interpreter\linkResolver.cpp, line 774]
Event: 0.409 Thread 0x0000027955957220 Exception <a 'sun/nio/fs/WindowsException'{0x000000071395fba0}> (0x000000071395fba0) 
thrown [s\open\src\hotspot\share\prims\jni.cpp, line 520]
Event: 0.409 Thread 0x0000027955957220 Exception <a 'sun/nio/fs/WindowsException'{0x000000071395ff40}> (0x000000071395ff40) 
thrown [s\open\src\hotspot\share\prims\jni.cpp, line 520]
Event: 0.413 Thread 0x0000027955957220 Exception <a 'sun/nio/fs/WindowsException'{0x0000000713969070}> (0x0000000713969070) 
thrown [s\open\src\hotspot\share\prims\jni.cpp, line 520]
Event: 0.413 Thread 0x0000027955957220 Exception <a 'sun/nio/fs/WindowsException'{0x0000000713969340}> (0x0000000713969340) 
thrown [s\open\src\hotspot\share\prims\jni.cpp, line 520]

ZGC Phase Switch (0 events):
No events

VM Operations (2 events):
Event: 0.411 Executing VM operation: ICBufferFull
Event: 0.411 Executing VM operation: ICBufferFull done

Events (16 events):
Event: 0.015 Thread 0x0000027955957220 Thread added: 0x0000027955957220
Event: 0.023 Thread 0x0000027976f2f8b0 Thread added: 0x0000027976f2f8b0
Event: 0.023 Thread 0x0000027976f307d0 Thread added: 0x0000027976f307d0
Event: 0.023 Thread 0x0000027976f32dc0 Thread added: 0x0000027976f32dc0
Event: 0.023 Thread 0x0000027976f35b90 Thread added: 0x0000027976f35b90
Event: 0.023 Thread 0x0000027976f3e740 Thread added: 0x0000027976f3e740
Event: 0.023 Thread 0x0000027976f3f420 Thread added: 0x0000027976f3f420
Event: 0.023 Thread 0x0000027976f44520 Thread added: 0x0000027976f44520
Event: 0.023 Thread 0x0000027976f44fd0 Thread added: 0x0000027976f44fd0
Event: 0.026 Thread 0x00000279451cd490 Thread added: 0x00000279451cd490
Event: 0.039 Thread 0x0000027945241800 Thread added: 0x0000027945241800
Event: 0.043 Thread 0x000002794524a8e0 Thread added: 0x000002794524a8e0
Event: 0.044 Thread 0x000002794524c880 Thread added: 0x000002794524c880
Event: 0.047 Thread 0x0000027945277ff0 Thread added: 0x0000027945277ff0
Event: 0.073 Thread 0x00000279454d4ef0 Thread added: 0x00000279454d4ef0
Event: 0.073 Thread 0x00000279454dc5f0 Thread added: 0x00000279454dc5f0


Dynamic libraries:
0x00007ff62f740000 - 0x00007ff62f74e000 	C:\Users\milos\.jdks\openjdk-22.0.1\bin\java.exe
0x00007ff8255d0000 - 0x00007ff8257e7000 	C:\Windows\SYSTEM32\ntdll.dll
0x00007ff824430000 - 0x00007ff8244f4000 	C:\Windows\System32\KERNEL32.DLL
0x00007ff822990000 - 0x00007ff822d4a000 	C:\Windows\System32\KERNELBASE.dll
0x00007ff822d50000 - 0x00007ff822e61000 	C:\Windows\System32\ucrtbase.dll
0x00007ffff5e30000 - 0x00007ffff5e47000 	C:\Users\milos\.jdks\openjdk-22.0.1\bin\jli.dll
0x00007ffff5da0000 - 0x00007ffff5dbb000 	C:\Users\milos\.jdks\openjdk-22.0.1\bin\VCRUNTIME140.dll
0x00007ff824a30000 - 0x00007ff824bde000 	C:\Windows\System32\USER32.dll
0x00007ff8232a0000 - 0x00007ff8232c6000 	C:\Windows\System32\win32u.dll
0x00007ff804140000 - 0x00007ff8043d2000 	C:\Windows\WinSxS\amd64_microsoft.windows.common-controls_6595b64144ccf1df_6.0.22621.4541_none_2710d1c57384c085\COMCTL32.dll
0x00007ff823560000 - 0x00007ff823607000 	C:\Windows\System32\msvcrt.dll
0x00007ff824dc0000 - 0x00007ff824de9000 	C:\Windows\System32\GDI32.dll
0x00007ff822ef0000 - 0x00007ff82300b000 	C:\Windows\System32\gdi32full.dll
0x00007ff823200000 - 0x00007ff82329a000 	C:\Windows\System32\msvcp_win.dll
0x00007ff8232d0000 - 0x00007ff823301000 	C:\Windows\System32\IMM32.DLL
0x00007ff801f70000 - 0x00007ff801f7c000 	C:\Users\milos\.jdks\openjdk-22.0.1\bin\vcruntime140_1.dll
0x00007fffc3220000 - 0x00007fffc32ae000 	C:\Users\milos\.jdks\openjdk-22.0.1\bin\msvcp140.dll
0x00007fff6ef60000 - 0x00007fff6fca7000 	C:\Users\milos\.jdks\openjdk-22.0.1\bin\server\jvm.dll
0x00007ff8250f0000 - 0x00007ff8251a2000 	C:\Windows\System32\ADVAPI32.dll
0x00007ff823e90000 - 0x00007ff823f37000 	C:\Windows\System32\sechost.dll
0x00007ff822960000 - 0x00007ff822988000 	C:\Windows\System32\bcrypt.dll
0x00007ff825400000 - 0x00007ff825514000 	C:\Windows\System32\RPCRT4.dll
0x00007ff8234e0000 - 0x00007ff823551000 	C:\Windows\System32\WS2_32.dll
0x00007ff8216f0000 - 0x00007ff82173d000 	C:\Windows\SYSTEM32\POWRPROF.dll
0x00007ff817900000 - 0x00007ff81790a000 	C:\Windows\SYSTEM32\VERSION.dll
0x00007ff81a3f0000 - 0x00007ff81a424000 	C:\Windows\SYSTEM32\WINMM.dll
0x00007ff8216d0000 - 0x00007ff8216e3000 	C:\Windows\SYSTEM32\UMPDC.dll
0x00007ff821990000 - 0x00007ff8219a8000 	C:\Windows\SYSTEM32\kernel.appcore.dll
0x00007ff800590000 - 0x00007ff80059a000 	C:\Users\milos\.jdks\openjdk-22.0.1\bin\jimage.dll
0x00007ff820160000 - 0x00007ff820392000 	C:\Windows\SYSTEM32\DBGHELP.DLL
0x00007ff823f50000 - 0x00007ff8242df000 	C:\Windows\System32\combase.dll
0x00007ff824330000 - 0x00007ff824407000 	C:\Windows\System32\OLEAUT32.dll
0x00007ff80fd60000 - 0x00007ff80fd92000 	C:\Windows\SYSTEM32\dbgcore.DLL
0x00007ff822e70000 - 0x00007ff822eeb000 	C:\Windows\System32\bcryptPrimitives.dll
0x00007ff8004d0000 - 0x00007ff8004df000 	C:\Users\milos\.jdks\openjdk-22.0.1\bin\instrument.dll
0x00007ffff5cb0000 - 0x00007ffff5cce000 	C:\Users\milos\.jdks\openjdk-22.0.1\bin\java.dll
0x00007ff823610000 - 0x00007ff823e88000 	C:\Windows\System32\SHELL32.dll
0x00007ff824c10000 - 0x00007ff824db5000 	C:\Windows\System32\ole32.dll
0x00007ff8207a0000 - 0x00007ff8210a8000 	C:\Windows\SYSTEM32\windows.storage.dll
0x00007ff820660000 - 0x00007ff82079f000 	C:\Windows\SYSTEM32\wintypes.dll
0x00007ff824df0000 - 0x00007ff824eea000 	C:\Windows\System32\SHCORE.dll
0x00007ff8251c0000 - 0x00007ff82521e000 	C:\Windows\System32\shlwapi.dll
0x00007ff8227d0000 - 0x00007ff8227fb000 	C:\Windows\SYSTEM32\profapi.dll
0x00007fffc2bf0000 - 0x00007fffc2cc7000 	C:\Users\milos\.jdks\openjdk-22.0.1\bin\jsvml.dll
0x00007ffff2c30000 - 0x00007ffff2c47000 	C:\Users\milos\.jdks\openjdk-22.0.1\bin\zip.dll
0x00007ffffd7d0000 - 0x00007ffffd7e0000 	C:\Users\milos\.jdks\openjdk-22.0.1\bin\net.dll
0x00007ff821e00000 - 0x00007ff821e69000 	C:\Windows\system32\mswsock.dll
0x00007ffff3410000 - 0x00007ffff3426000 	C:\Users\milos\.jdks\openjdk-22.0.1\bin\nio.dll
0x00007ffff5b20000 - 0x00007ffff5b3a000 	C:\Program Files\JetBrains\IntelliJ IDEA Community Edition 2024.1.2\bin\breakgen64.dll
0x00007ffffd170000 - 0x00007ffffd179000 	C:\Users\milos\.jdks\openjdk-22.0.1\bin\extnet.dll
0x00007fffe6320000 - 0x00007fffe639b000 	C:\Users\milos\AppData\Local\Temp\lwjgl_milos\3.3.3+5\x64\lwjgl.dll
0x00007fffc3a70000 - 0x00007fffc3af2000 	C:\Users\milos\AppData\Local\Temp\lwjgl_milos\3.3.3+5\x64\glfw.dll
0x00007ffff0ec0000 - 0x00007ffff0f06000 	C:\Windows\SYSTEM32\dinput8.dll
0x00007ffff3390000 - 0x00007ffff33a1000 	C:\Windows\SYSTEM32\xinput1_4.dll
0x00007ff822590000 - 0x00007ff8225de000 	C:\Windows\SYSTEM32\cfgmgr32.dll
0x00007ff822560000 - 0x00007ff82258c000 	C:\Windows\SYSTEM32\DEVOBJ.dll
0x00007ff81d1c0000 - 0x00007ff81d1eb000 	C:\Windows\SYSTEM32\dwmapi.dll
0x00007ffffb1a0000 - 0x00007ffffb3b4000 	C:\Windows\SYSTEM32\inputhost.dll
0x00007ff819760000 - 0x00007ff819893000 	C:\Windows\SYSTEM32\CoreMessaging.dll
0x00007ff81cf30000 - 0x00007ff81cfe1000 	C:\Windows\system32\uxtheme.dll
0x00007ff822130000 - 0x00007ff82213c000 	C:\Windows\SYSTEM32\CRYPTBASE.DLL
0x00007ff824f80000 - 0x00007ff8250e1000 	C:\Windows\System32\MSCTF.dll
0x00007ff822150000 - 0x00007ff82216b000 	C:\Windows\SYSTEM32\CRYPTSP.dll
0x00007ff8218f0000 - 0x00007ff821925000 	C:\Windows\system32\rsaenh.dll
0x00007ff821ea0000 - 0x00007ff821ec8000 	C:\Windows\SYSTEM32\USERENV.dll
0x00007ff821380000 - 0x00007ff8213ad000 	C:\Windows\SYSTEM32\IPHLPAPI.DLL
0x00007ff823f40000 - 0x00007ff823f49000 	C:\Windows\System32\NSI.dll
0x00007ffff6820000 - 0x00007ffff6830000 	C:\Users\milos\.jdks\openjdk-22.0.1\bin\verify.dll
0x00007fffaf240000 - 0x00007fffaf2c2000 	C:\Users\milos\AppData\Local\Temp\lwjgl_milos\3.3.3+5\x64\lwjgl_stb.dll
0x00007fffe0cb0000 - 0x00007fffe0d0e000 	C:\Users\milos\AppData\Local\Temp\lwjgl_milos\3.3.3+5\x64\lwjgl_opengl.dll
0x00007fffc33f0000 - 0x00007fffc34f0000 	C:\Windows\SYSTEM32\opengl32.dll
0x00007ffff6830000 - 0x00007ffff685d000 	C:\Windows\SYSTEM32\GLU32.dll
0x00007ff81fa80000 - 0x00007ff81fab7000 	C:\Windows\SYSTEM32\dxcore.dll

dbghelp: loaded successfully - version: 4.0.5 - missing functions: none
symbol engine: initialized successfully - sym options: 0x614 - pdb path: .;C:\Users\milos\.jdks\openjdk-22.0.1\bin;C:\Windows\SYSTEM32;C:\Windows\WinSxS\amd64_microsoft.windows.common-controls_6595b64144ccf1df_6.0.22621.4541_none_2710d1c57384c085;C:\Users\milos\.jdks\openjdk-22.0.1\bin\server;C:\Program Files\JetBrains\IntelliJ IDEA Community Edition 2024.1.2\bin;C:\Users\milos\AppData\Local\Temp\lwjgl_milos\3.3.3+5\x64

VM Arguments:
jvm_args: -javaagent:C:\Program Files\JetBrains\IntelliJ IDEA Community Edition 2024.1.2\lib\idea_rt.jar=58139:C:\Program Files\JetBrains\IntelliJ IDEA Community Edition 2024.1.2\bin -Dfile.encoding=UTF-8 -Dsun.stdout.encoding=UTF-8 -Dsun.stderr.encoding=UTF-8 
java_command: org.katia.Main
java_class_path (initial): C:\Users\milos\Documents\Katia-Game-Engine\Katia-Core\target\classes;C:\Users\milos\.m2\repository\com\fasterxml\jackson\core\jackson-databind\2.13.4.1\jackson-databind-2.13.4.1.jar;C:\Users\milos\.m2\repository\com\fasterxml\jackson\core\jackson-core\2.13.0\jackson-core-2.13.0.jar;C:\Users\milos\.m2\repository\com\fasterxml\jackson\core\jackson-annotations\2.13.0\jackson-annotations-2.13.0.jar;C:\Users\milos\Documents\Katia-Game-Engine\Katia-Utils\target\classes;C:\Users\milos\.m2\repository\org\lwjgl\lwjgl\3.3.3\lwjgl-3.3.3.jar;C:\Users\milos\.m2\repository\org\lwjgl\lwjgl-assimp\3.3.3\lwjgl-assimp-3.3.3.jar;C:\Users\milos\.m2\repository\org\lwjgl\lwjgl-glfw\3.3.3\lwjgl-glfw-3.3.3.jar;C:\Users\milos\.m2\repository\org\lwjgl\lwjgl-openal\3.3.3\lwjgl-openal-3.3.3.jar;C:\Users\milos\.m2\repository\org\lwjgl\lwjgl-opengl\3.3.3\lwjgl-opengl-3.3.3.jar;C:\Users\milos\.m2\repository\org\lwjgl\lwjgl-stb\3.3.3\lwjgl-stb-3.3.3.jar;C:\Users\milos\.m2\repository\org\lwjgl\lwjgl\3.3.3\lwjgl-3.3.3-natives-windows.jar;C:\Users\milos\.m2\repository\org\lwjgl\lwjgl-assimp\3.3.3\lwjgl-assimp-3.3.3-natives-windows.jar;C:\Users\milos\.m2\repository\org\lwjgl\lwjgl-glfw\3.3.3\lwjgl-glfw-3.3.3-natives-windows.jar;C:\Users\milos\.m2\repository\org\lwjgl\lwjgl-openal\3.3.3\lwjgl-openal-3.3.3-natives-windows.jar;C:\Users\milos\.m2\repository\org\lwjgl\lwjgl-opengl\3.3.3\lwjgl-opengl-3.3.3-natives-windows.jar;C:\Users\milos\.m2\repository\org\lwjgl\lwjgl-stb\3.3.3\lwjgl-stb-3.3.3-natives-windows.jar;C:\Users\milos\.m2\repository\org\joml\joml\1.10.7\joml-1.10.7.jar;C:\Users\milos\.m2\repository\org\joml\joml-primitives\1.10.0\joml-primitives-1.10.0.jar
Launcher Type: SUN_STANDARD

[Global flags]
     intx CICompilerCount                          = 12                                        {product} {ergonomic}
     uint ConcGCThreads                            = 4                                         {product} {ergonomic}
     uint G1ConcRefinementThreads                  = 15                                        {product} {ergonomic}
   size_t G1HeapRegionSize                         = 2097152                                   {product} {ergonomic}
   size_t InitialHeapSize                          = 264241152                                 {product} {ergonomic}
   size_t MarkStackSize                            = 4194304                                   {product} {ergonomic}
   size_t MaxHeapSize                              = 4208984064                                {product} {ergonomic}
   size_t MaxNewSize                               = 2524971008                                {product} {ergonomic}
   size_t MinHeapDeltaBytes                        = 2097152                                   {product} {ergonomic}
   size_t MinHeapSize                              = 8388608                                   {product} {ergonomic}
    uintx NonNMethodCodeHeapSize                   = 7602480                                {pd product} {ergonomic}
    uintx NonProfiledCodeHeapSize                  = 122027880                              {pd product} {ergonomic}
    uintx ProfiledCodeHeapSize                     = 122027880                              {pd product} {ergonomic}
    uintx ReservedCodeCacheSize                    = 251658240                              {pd product} {ergonomic}
     bool SegmentedCodeCache                       = true                                      {product} {ergonomic}
   size_t SoftMaxHeapSize                          = 4208984064                             {manageable} {ergonomic}
     bool UseCompressedOops                        = true                           {product lp64_product} {ergonomic}
     bool UseG1GC                                  = true                                      {product} {ergonomic}
     bool UseLargePagesIndividualAllocation        = false                                  {pd product} {ergonomic}

Logging:
Log output configuration:
 #0: stdout all=warning uptime,level,tags foldmultilines=false
 #1: stderr all=off uptime,level,tags foldmultilines=false

Environment Variables:
PATH=C:\Windows\system32;C:\Windows;C:\Windows\System32\Wbem;C:\Windows\System32\WindowsPowerShell\v1.0\;C:\Windows\System32\OpenSSH\;C:\Program Files (x86)\NVIDIA Corporation\PhysX\Common;C:\Program Files\Git\cmd;C:\Program Files\nodejs\;C:\Users\milos\Downloads\graalvm-jdk-22_windows-x64_bin\graalvm-jdk-22.0.1+8.1\bin;C:\Users\milos\Downloads\lua-5.4.2_Win32_bin;;c:\Users\milos\AppData\Local\Programs\cursor\resources\app\bin;C:\Program Files\Microsoft SQL Server\Client SDK\ODBC\170\Tools\Binn\;C:\Program Files (x86)\Microsoft SQL Server\160\Tools\Binn\;C:\Program Files\Microsoft SQL Server\160\Tools\Binn\;C:\Program Files\Microsoft SQL Server\160\DTS\Binn\;C:\Users\milos\AppData\Local\Programs\Python\Python311\Scripts\;C:\Users\milos\AppData\Local\Programs\Python\Python311\;C:\Users\milos\AppData\Local\Microsoft\WindowsApps;C:\Users\milos\AppData\Local\Programs\Microsoft VS Code\bin;C:\Users\milos\AppData\Local\GitHubDesktop\bin;C:\Users\milos\AppData\Roaming\npm
USERNAME=milos
OS=Windows_NT
PROCESSOR_IDENTIFIER=Intel64 Family 6 Model 154 Stepping 3, GenuineIntel
TMP=C:\Users\milos\AppData\Local\Temp
TEMP=C:\Users\milos\AppData\Local\Temp




Periodic native trim disabled

---------------  S Y S T E M  ---------------

OS:
 Windows 11 , 64 bit Build 22621 (10.0.22621.4391)
OS uptime: 2 days 20:35 hours
Hyper-V role detected

CPU: total 20 (initial active 20) (10 cores per cpu, 2 threads per core) family 6 model 154 stepping 3 microcode 0x423, cx8, cmov, fxsr, ht, mmx, 3dnowpref, sse, sse2, sse3, ssse3, sse4.1, sse4.2, popcnt, lzcnt, tsc, tscinvbit, avx, avx2, aes, erms, clmul, bmi1, bmi2, adx, sha, fma, vzeroupper, clflush, clflushopt, clwb, hv, serialize, rdtscp, rdpid, fsrm, f16c, cet_ibt, cet_ss
Processor Information for processor 0
  Max Mhz: 2300, Current Mhz: 2300, Mhz Limit: 2300
Processor Information for processor 1
  Max Mhz: 2300, Current Mhz: 2300, Mhz Limit: 2300
Processor Information for processor 2
  Max Mhz: 2300, Current Mhz: 2300, Mhz Limit: 2300
Processor Information for processor 3
  Max Mhz: 2300, Current Mhz: 1506, Mhz Limit: 2300
Processor Information for processor 4
  Max Mhz: 2300, Current Mhz: 2300, Mhz Limit: 2300
Processor Information for processor 5
  Max Mhz: 2300, Current Mhz: 2300, Mhz Limit: 2300
Processor Information for processor 6
  Max Mhz: 2300, Current Mhz: 2300, Mhz Limit: 2300
Processor Information for processor 7
  Max Mhz: 2300, Current Mhz: 2300, Mhz Limit: 2300
Processor Information for processor 8
  Max Mhz: 2300, Current Mhz: 2300, Mhz Limit: 2300
Processor Information for processor 9
  Max Mhz: 2300, Current Mhz: 2300, Mhz Limit: 2300
Processor Information for processor 10
  Max Mhz: 2300, Current Mhz: 2300, Mhz Limit: 2300
Processor Information for processor 11
  Max Mhz: 2300, Current Mhz: 2300, Mhz Limit: 2300
Processor Information for processor 12
  Max Mhz: 2300, Current Mhz: 1500, Mhz Limit: 1679
Processor Information for processor 13
  Max Mhz: 2300, Current Mhz: 1700, Mhz Limit: 1679
Processor Information for processor 14
  Max Mhz: 2300, Current Mhz: 1500, Mhz Limit: 1679
Processor Information for processor 15
  Max Mhz: 2300, Current Mhz: 1500, Mhz Limit: 1679
Processor Information for processor 16
  Max Mhz: 2300, Current Mhz: 1500, Mhz Limit: 1679
Processor Information for processor 17
  Max Mhz: 2300, Current Mhz: 1500, Mhz Limit: 1679
Processor Information for processor 18
  Max Mhz: 2300, Current Mhz: 1700, Mhz Limit: 1679
Processor Information for processor 19
  Max Mhz: 2300, Current Mhz: 1700, Mhz Limit: 1679

Memory: 4k page, system-wide physical 16051M (2967M free)
TotalPageFile size 23491M (AvailPageFile size 3476M)
current process WorkingSet (physical memory assigned to process): 86M, peak: 89M
current process commit charge ("private bytes"): 375M, peak: 379M

vm_info: OpenJDK 64-Bit Server VM (22.0.1+8-16) for windows-amd64 JRE (22.0.1+8-16), built on 2024-03-12T10:33:16Z by "mach5one" with MS VC++ 17.6 (VS2022)

END.
